TN:
SF:src\App.jsx
FN:14,App
FNF:1
FNH:0
FNDA:0,App
DA:1,0
DA:2,0
DA:3,0
DA:4,0
DA:5,0
DA:6,0
DA:7,0
DA:8,0
DA:9,0
DA:10,0
DA:11,0
DA:12,0
DA:77,0
LF:13
LH:0
BRF:0
BRH:0
end_of_record
TN:
SF:src\middleware.js
FN:25,(anonymous_4)
FN:35,verifyAuthToken
FN:90,getDashboardForRole
FN:105,hasRouteAccess
FN:107,(anonymous_8)
FN:112,(anonymous_9)
FN:120,buildUrl
FN:124,middleware
FN:207,(anonymous_12)
FNF:9
FNH:0
FNDA:0,(anonymous_4)
FNDA:0,verifyAuthToken
FNDA:0,getDashboardForRole
FNDA:0,hasRouteAccess
FNDA:0,(anonymous_8)
FNDA:0,(anonymous_9)
FNDA:0,buildUrl
FNDA:0,middleware
FNDA:0,(anonymous_12)
DA:1,0
DA:2,0
DA:3,0
DA:6,0
DA:15,0
DA:18,0
DA:21,0
DA:22,0
DA:25,0
DA:26,0
DA:27,0
DA:28,0
DA:29,0
DA:36,0
DA:37,0
DA:40,0
DA:41,0
DA:42,0
DA:44,0
DA:45,0
DA:50,0
DA:91,0
DA:94,0
DA:98,0
DA:100,0
DA:107,0
DA:108,0
DA:112,0
DA:113,0
DA:116,0
DA:121,0
DA:124,0
DA:125,0
DA:128,0
DA:133,0
DA:134,0
DA:138,0
DA:139,0
DA:142,0
DA:143,0
DA:144,0
DA:145,0
DA:149,0
DA:150,0
DA:151,0
DA:153,0
DA:156,0
DA:157,0
DA:160,0
DA:161,0
DA:162,0
DA:163,0
DA:164,0
DA:168,0
DA:169,0
DA:170,0
DA:171,0
DA:172,0
DA:176,0
DA:177,0
DA:178,0
DA:179,0
DA:180,0
DA:184,0
DA:185,0
DA:186,0
DA:187,0
DA:188,0
DA:190,0
DA:195,0
DA:196,0
DA:200,0
DA:201,0
DA:202,0
DA:203,0
DA:207,0
DA:208,0
DA:212,0
DA:213,0
DA:217,0
DA:218,0
DA:219,0
DA:220,0
DA:222,0
DA:224,0
DA:225,0
DA:226,0
DA:228,0
DA:229,0
DA:233,0
DA:234,0
DA:235,0
DA:236,0
DA:240,0
LF:94
LH:0
BRDA:15,0,0,0
BRDA:15,0,1,0
BRDA:18,1,0,0
BRDA:18,1,1,0
BRDA:28,2,0,0
BRDA:36,3,0,0
BRDA:36,4,0,0
BRDA:36,4,1,0
BRDA:42,5,0,0
BRDA:42,5,1,0
BRDA:91,6,0,0
BRDA:91,6,1,0
BRDA:91,6,2,0
BRDA:91,6,3,0
BRDA:91,6,4,0
BRDA:91,6,5,0
BRDA:107,7,0,0
BRDA:108,8,0,0
BRDA:108,8,1,0
BRDA:112,9,0,0
BRDA:128,10,0,0
BRDA:128,10,1,0
BRDA:128,10,2,0
BRDA:128,10,3,0
BRDA:133,11,0,0
BRDA:139,12,0,0
BRDA:139,12,1,0
BRDA:144,13,0,0
BRDA:144,14,0,0
BRDA:144,14,1,0
BRDA:151,15,0,0
BRDA:151,15,1,0
BRDA:156,16,0,0
BRDA:156,17,0,0
BRDA:156,17,1,0
BRDA:160,18,0,0
BRDA:168,19,0,0
BRDA:176,20,0,0
BRDA:184,21,0,0
BRDA:186,22,0,0
BRDA:186,22,1,0
BRDA:186,22,2,0
BRDA:208,23,0,0
BRDA:208,23,1,0
BRDA:212,24,0,0
BRDA:217,25,0,0
BRDA:224,26,0,0
BRF:47
BRH:0
end_of_record
TN:
SF:src\app\layout.js
FN:78,(anonymous_8)
FN:104,RootLayout
FNF:2
FNH:0
FNDA:0,(anonymous_8)
FNDA:0,RootLayout
DA:2,0
DA:3,0
DA:4,0
DA:5,0
DA:6,0
DA:7,0
DA:8,0
DA:9,0
DA:11,0
DA:18,0
DA:19,0
DA:20,0
DA:22,0
DA:66,0
DA:76,0
DA:77,0
DA:78,0
DA:79,0
DA:82,0
DA:85,0
DA:89,0
DA:104,0
LF:22
LH:0
BRDA:76,0,0,0
BRDA:76,1,0,0
BRDA:76,1,1,0
BRDA:82,2,0,0
BRDA:82,3,0,0
BRDA:82,3,1,0
BRDA:82,3,2,0
BRF:7
BRH:0
end_of_record
TN:
SF:src\app\loading.jsx
FN:1,Loading
FNF:1
FNH:0
FNDA:0,Loading
DA:1,0
LF:1
LH:0
BRF:0
BRH:0
end_of_record
TN:
SF:src\app\not-found.jsx
FN:11,NotFound
FN:33,(anonymous_5)
FNF:2
FNH:0
FNDA:0,NotFound
FNDA:0,(anonymous_5)
DA:3,0
DA:4,0
DA:5,0
DA:6,0
DA:9,0
DA:11,0
DA:12,0
DA:33,0
LF:8
LH:0
BRF:0
BRH:0
end_of_record
TN:
SF:src\app\page.jsx
FN:7,HomePage
FN:11,(anonymous_2)
FNF:2
FNH:0
FNDA:0,HomePage
FNDA:0,(anonymous_2)
DA:3,0
DA:4,0
DA:5,0
DA:7,0
DA:8,0
DA:9,0
DA:11,0
DA:12,0
DA:14,0
DA:16,0
DA:17,0
DA:18,0
DA:19,0
DA:20,0
DA:22,0
DA:25,0
DA:27,0
DA:28,0
DA:30,0
DA:31,0
DA:33,0
DA:36,0
DA:38,0
DA:39,0
DA:44,0
LF:25
LH:0
BRDA:12,0,0,0
BRDA:12,0,1,0
BRDA:12,1,0,0
BRDA:12,1,1,0
BRDA:16,2,0,0
BRDA:16,2,1,0
BRDA:18,3,0,0
BRDA:18,3,1,0
BRDA:18,4,0,0
BRDA:18,4,1,0
BRDA:20,5,0,0
BRDA:20,5,1,0
BRDA:25,6,0,0
BRDA:25,6,1,0
BRDA:25,6,2,0
BRDA:36,7,0,0
BRDA:36,8,0,0
BRDA:36,8,1,0
BRDA:44,9,0,0
BRDA:44,10,0,0
BRDA:44,10,1,0
BRF:21
BRH:0
end_of_record
TN:
SF:src\app\(auth)\layout.js
FN:20,RootLayout
FNF:1
FNH:0
FNDA:0,RootLayout
DA:2,0
DA:3,0
DA:4,0
DA:5,0
DA:7,0
DA:9,0
DA:14,0
DA:20,0
LF:8
LH:0
BRF:0
BRH:0
end_of_record
TN:
SF:src\app\(auth)\loading.jsx
FN:1,Loading
FNF:1
FNH:0
FNDA:0,Loading
DA:1,0
LF:1
LH:0
BRF:0
BRH:0
end_of_record
TN:
SF:src\app\(auth)\redirect-animation.jsx
FN:8,(anonymous_2)
FN:21,(anonymous_3)
FN:24,(anonymous_4)
FN:30,(anonymous_5)
FN:33,(anonymous_6)
FN:42,(anonymous_7)
FN:43,(anonymous_8)
FN:46,(anonymous_9)
FN:53,(anonymous_10)
FNF:9
FNH:0
FNDA:0,(anonymous_2)
FNDA:0,(anonymous_3)
FNDA:0,(anonymous_4)
FNDA:0,(anonymous_5)
FNDA:0,(anonymous_6)
FNDA:0,(anonymous_7)
FNDA:0,(anonymous_8)
FNDA:0,(anonymous_9)
FNDA:0,(anonymous_10)
DA:3,0
DA:4,0
DA:5,0
DA:6,0
DA:8,0
DA:17,0
DA:18,0
DA:19,0
DA:21,0
DA:23,0
DA:25,0
DA:30,0
DA:33,0
DA:34,0
DA:37,0
DA:38,0
DA:39,0
DA:42,0
DA:43,0
DA:44,0
DA:45,0
DA:46,0
DA:47,0
DA:49,0
DA:53,0
DA:177,0
LF:26
LH:0
BRDA:9,0,0,0
BRDA:12,1,0,0
BRDA:13,2,0,0
BRDA:14,3,0,0
BRDA:15,4,0,0
BRDA:34,5,0,0
BRDA:44,6,0,0
BRDA:64,7,0,0
BRDA:64,7,1,0
BRDA:95,8,0,0
BRDA:95,8,1,0
BRDA:97,9,0,0
BRDA:97,9,1,0
BRDA:99,10,0,0
BRDA:99,10,1,0
BRF:15
BRH:0
end_of_record
TN:
SF:src\app\(auth)\forgot-password\page.jsx
FN:16,ForgotPasswordPage
FN:23,onSubmit
FN:29,(anonymous_6)
FN:73,(anonymous_7)
FN:96,(anonymous_8)
FNF:5
FNH:0
FNDA:0,ForgotPasswordPage
FNDA:0,onSubmit
FNDA:0,(anonymous_6)
FNDA:0,(anonymous_7)
FNDA:0,(anonymous_8)
DA:4,0
DA:6,0
DA:7,0
DA:8,0
DA:9,0
DA:10,0
DA:11,0
DA:12,0
DA:13,0
DA:14,0
DA:16,0
DA:17,0
DA:18,0
DA:19,0
DA:20,0
DA:24,0
DA:25,0
DA:27,0
DA:29,0
DA:31,0
DA:33,0
DA:38,0
DA:40,0
DA:46,0
DA:73,0
DA:97,0
DA:98,0
LF:27
LH:0
BRDA:63,0,0,0
BRDA:80,1,0,0
BRDA:80,1,1,0
BRF:3
BRH:0
end_of_record
TN:
SF:src\app\(auth)\sign-in\loading.jsx
FN:1,Loading
FNF:1
FNH:0
FNDA:0,Loading
DA:1,0
DA:2,0
LF:2
LH:0
BRF:0
BRH:0
end_of_record
TN:
SF:src\app\(auth)\sign-in\page.jsx
FN:36,(anonymous_7)
FN:36,(anonymous_8)
FN:46,SignInContentLoading
FN:71,SignInContent
FN:74,(anonymous_12)
FN:112,(anonymous_13)
FN:134,(anonymous_14)
FN:142,(anonymous_15)
FN:148,(anonymous_16)
FN:170,(anonymous_17)
FN:215,(anonymous_18)
FN:221,(anonymous_19)
FN:224,(anonymous_20)
FN:226,(anonymous_21)
FN:232,(anonymous_22)
FN:236,(anonymous_23)
FN:237,(anonymous_24)
FN:244,(anonymous_25)
FN:257,(anonymous_26)
FN:259,(anonymous_27)
FN:269,(anonymous_28)
FN:273,(anonymous_29)
FN:280,(anonymous_30)
FN:284,(anonymous_31)
FN:291,(anonymous_32)
FN:303,(anonymous_33)
FN:306,(anonymous_34)
FN:314,(anonymous_35)
FN:323,(anonymous_36)
FN:332,(anonymous_37)
FN:502,(anonymous_40)
FN:601,(anonymous_42)
FN:631,(anonymous_43)
FN:645,SignInPage
FNF:34
FNH:29
FNDA:1,(anonymous_7)
FNDA:1,(anonymous_8)
FNDA:0,SignInContentLoading
FNDA:696,SignInContent
FNDA:0,(anonymous_12)
FNDA:612,(anonymous_13)
FNDA:82,(anonymous_14)
FNDA:79,(anonymous_15)
FNDA:15,(anonymous_16)
FNDA:15,(anonymous_17)
FNDA:62,(anonymous_18)
FNDA:79,(anonymous_19)
FNDA:1,(anonymous_20)
FNDA:3,(anonymous_21)
FNDA:79,(anonymous_22)
FNDA:62,(anonymous_23)
FNDA:62,(anonymous_24)
FNDA:0,(anonymous_25)
FNDA:72,(anonymous_26)
FNDA:10,(anonymous_27)
FNDA:4,(anonymous_28)
FNDA:3,(anonymous_29)
FNDA:1,(anonymous_30)
FNDA:0,(anonymous_31)
FNDA:7,(anonymous_32)
FNDA:72,(anonymous_33)
FNDA:17,(anonymous_34)
FNDA:22,(anonymous_35)
FNDA:1,(anonymous_36)
FNDA:18,(anonymous_37)
FNDA:2,(anonymous_40)
FNDA:0,(anonymous_42)
FNDA:1,(anonymous_43)
FNDA:64,SignInPage
DA:4,1
DA:6,1
DA:7,1
DA:8,1
DA:9,1
DA:10,1
DA:18,1
DA:19,1
DA:20,1
DA:21,1
DA:22,1
DA:23,1
DA:24,1
DA:25,1
DA:26,1
DA:27,1
DA:28,1
DA:29,1
DA:30,1
DA:31,1
DA:32,1
DA:33,1
DA:36,2
DA:39,1
DA:72,696
DA:73,696
DA:74,696
DA:75,696
DA:76,696
DA:77,696
DA:78,696
DA:79,695
DA:80,695
DA:81,695
DA:82,695
DA:83,695
DA:85,695
DA:86,695
DA:88,695
DA:89,695
DA:91,695
DA:92,695
DA:94,695
DA:97,695
DA:108,695
DA:109,695
DA:110,695
DA:112,695
DA:113,612
DA:120,15
DA:125,15
DA:128,612
DA:129,577
DA:134,695
DA:136,82
DA:137,82
DA:138,82
DA:142,695
DA:143,79
DA:144,64
DA:148,695
DA:150,15
DA:151,15
DA:152,9
DA:153,9
DA:155,15
DA:157,15
DA:158,2
DA:159,13
DA:160,3
DA:163,10
DA:164,10
DA:166,15
DA:167,15
DA:170,695
DA:171,15
DA:172,0
DA:173,0
DA:176,15
DA:177,15
DA:178,15
DA:181,15
DA:182,4
DA:183,11
DA:185,2
DA:186,9
DA:188,3
DA:189,6
DA:191,6
DA:194,3
DA:195,3
DA:198,2
DA:199,2
DA:201,1
DA:205,15
DA:207,15
DA:208,13
DA:209,2
DA:211,1
DA:215,695
DA:216,62
DA:217,15
DA:221,695
DA:223,79
DA:224,15
DA:226,15
DA:227,3
DA:228,3
DA:232,79
DA:236,695
DA:237,62
DA:239,62
DA:240,62
DA:241,0
DA:243,0
DA:244,0
DA:245,0
DA:246,0
DA:250,0
DA:257,695
DA:259,72
DA:260,10
DA:261,9
DA:263,9
DA:264,9
DA:265,9
DA:266,9
DA:268,9
DA:270,4
DA:271,4
DA:274,3
DA:275,3
DA:276,3
DA:280,3
DA:281,1
DA:282,1
DA:283,1
DA:284,1
DA:292,7
DA:293,7
DA:296,0
DA:297,0
DA:298,0
DA:303,72
DA:306,695
DA:307,17
DA:308,17
DA:309,0
DA:311,17
DA:314,695
DA:315,22
DA:316,21
DA:318,1
DA:319,1
DA:323,695
DA:324,1
DA:329,1
DA:332,695
DA:333,18
DA:334,18
DA:335,18
DA:336,0
DA:341,0
DA:343,18
DA:344,18
DA:347,18
DA:349,18
DA:360,0
DA:363,4
DA:364,3
DA:367,9
DA:369,13
DA:370,13
DA:375,695
DA:379,695
DA:383,693
DA:387,663
DA:502,2
DA:603,0
DA:604,0
DA:605,0
DA:606,0
DA:609,0
DA:610,0
DA:611,0
DA:613,0
DA:619,0
DA:631,1
DA:645,63
LF:189
LH:165
BRDA:74,0,0,696
BRDA:74,0,1,2
BRDA:113,1,0,15
BRDA:114,2,0,612
BRDA:114,2,1,610
BRDA:114,2,2,157
BRDA:114,2,3,80
BRDA:114,2,4,35
BRDA:128,3,0,577
BRDA:128,4,0,612
BRDA:128,4,1,610
BRDA:128,4,2,157
BRDA:128,4,3,80
BRDA:143,5,0,64
BRDA:148,6,0,3
BRDA:151,7,0,9
BRDA:151,8,0,15
BRDA:151,8,1,12
BRDA:152,9,0,0
BRDA:152,9,1,9
BRDA:153,10,0,6
BRDA:155,11,0,9
BRDA:157,12,0,2
BRDA:157,12,1,13
BRDA:157,13,0,15
BRDA:157,13,1,12
BRDA:157,13,2,14
BRDA:157,13,3,9
BRDA:159,14,0,3
BRDA:159,14,1,10
BRDA:159,15,0,13
BRDA:159,15,1,10
BRDA:159,15,2,11
BRDA:159,15,3,7
BRDA:163,16,0,7
BRDA:163,16,1,3
BRDA:164,17,0,10
BRDA:164,17,1,4
BRDA:171,18,0,0
BRDA:171,19,0,15
BRDA:171,19,1,15
BRDA:181,20,0,4
BRDA:181,20,1,11
BRDA:183,21,0,2
BRDA:183,21,1,9
BRDA:183,22,0,11
BRDA:183,22,1,3
BRDA:186,23,0,3
BRDA:186,23,1,6
BRDA:189,24,0,6
BRDA:191,25,0,1
BRDA:191,25,1,3
BRDA:191,25,2,1
BRDA:191,25,3,2
BRDA:191,25,4,1
BRDA:198,26,0,2
BRDA:198,26,1,2
BRDA:198,27,0,1
BRDA:198,27,1,1
BRDA:207,28,0,13
BRDA:207,28,1,2
BRDA:209,29,0,1
BRDA:209,30,0,2
BRDA:209,30,1,1
BRDA:216,31,0,15
BRDA:216,32,0,62
BRDA:216,32,1,61
BRDA:223,33,0,15
BRDA:227,34,0,3
BRDA:240,35,0,0
BRDA:245,36,0,0
BRDA:260,37,0,9
BRDA:260,38,0,10
BRDA:260,38,1,10
BRDA:260,38,2,9
BRDA:260,38,3,9
BRDA:260,38,4,9
BRDA:263,39,0,9
BRDA:263,39,1,0
BRDA:275,40,0,3
BRDA:275,40,1,1
BRDA:283,41,0,1
BRDA:283,42,0,1
BRDA:283,42,1,1
BRDA:283,42,2,1
BRDA:308,43,0,0
BRDA:315,44,0,21
BRDA:315,44,1,1
BRDA:333,45,0,18
BRDA:334,46,0,0
BRDA:335,47,0,0
BRDA:335,48,0,18
BRDA:335,48,1,18
BRDA:347,49,0,18
BRDA:347,49,1,0
BRDA:347,50,0,18
BRDA:347,50,1,18
BRDA:363,51,0,3
BRDA:375,52,0,695
BRDA:375,52,1,691
BRDA:375,52,2,685
BRDA:375,52,3,681
BRDA:379,53,0,2
BRDA:379,54,0,695
BRDA:379,54,1,693
BRDA:383,55,0,30
BRDA:383,56,0,693
BRDA:383,56,1,30
BRDA:387,57,0,2
BRDA:387,58,0,663
BRDA:387,58,1,4
BRDA:403,59,0,2
BRDA:403,59,1,659
BRDA:408,60,0,2
BRDA:408,60,1,659
BRDA:412,61,0,661
BRDA:420,62,0,2
BRDA:420,62,1,659
BRDA:424,63,0,2
BRDA:424,63,1,659
BRDA:433,64,0,661
BRDA:433,64,1,6
BRDA:428,65,0,5
BRDA:428,65,1,656
BRDA:465,66,0,677
BRDA:465,66,1,670
BRDA:492,67,0,2
BRDA:492,67,1,676
BRDA:495,68,0,678
BRDA:495,68,1,674
BRDA:498,69,0,678
BRDA:503,70,0,270
BRDA:503,70,1,266
BRDA:504,71,0,2
BRDA:504,71,1,268
BRDA:507,72,0,2
BRDA:520,73,0,661
BRDA:542,74,0,677
BRDA:542,74,1,670
BRDA:559,75,0,4
BRDA:559,75,1,657
BRDA:597,76,0,661
BRDA:605,77,0,0
BRF:143
BRH:133
end_of_record
TN:
SF:src\app\(auth)\sign-up\page.jsx
FN:24,SignUpPage
FN:45,(anonymous_5)
FN:47,(anonymous_6)
FN:53,(anonymous_7)
FN:54,(anonymous_8)
FN:84,onSubmit
FN:169,handleGoogleSignUp
FN:274,(anonymous_11)
FN:282,(anonymous_12)
FN:287,(anonymous_13)
FN:306,(anonymous_14)
FNF:11
FNH:0
FNDA:0,SignUpPage
FNDA:0,(anonymous_5)
FNDA:0,(anonymous_6)
FNDA:0,(anonymous_7)
FNDA:0,(anonymous_8)
FNDA:0,onSubmit
FNDA:0,handleGoogleSignUp
FNDA:0,(anonymous_11)
FNDA:0,(anonymous_12)
FNDA:0,(anonymous_13)
FNDA:0,(anonymous_14)
DA:4,0
DA:6,0
DA:7,0
DA:8,0
DA:9,0
DA:10,0
DA:11,0
DA:12,0
DA:13,0
DA:14,0
DA:15,0
DA:16,0
DA:17,0
DA:18,0
DA:19,0
DA:21,0
DA:24,0
DA:25,0
DA:26,0
DA:27,0
DA:28,0
DA:29,0
DA:30,0
DA:33,0
DA:35,0
DA:45,0
DA:46,0
DA:47,0
DA:53,0
DA:54,0
DA:85,0
DA:86,0
DA:88,0
DA:89,0
DA:94,0
DA:95,0
DA:98,0
DA:99,0
DA:104,0
DA:105,0
DA:118,0
DA:120,0
DA:130,0
DA:131,0
DA:132,0
DA:136,0
DA:138,0
DA:143,0
DA:147,0
DA:148,0
DA:156,0
DA:157,0
DA:158,0
DA:165,0
DA:170,0
DA:171,0
DA:172,0
DA:174,0
DA:175,0
DA:176,0
DA:180,0
DA:182,0
DA:189,0
DA:190,0
DA:198,0
DA:199,0
DA:200,0
DA:201,0
DA:203,0
DA:209,0
DA:213,0
DA:274,0
DA:282,0
DA:287,0
DA:306,0
LF:75
LH:0
BRDA:49,0,0,0
BRDA:49,0,1,0
BRDA:88,1,0,0
BRDA:98,2,0,0
BRDA:130,3,0,0
BRDA:130,3,1,0
BRDA:131,4,0,0
BRDA:131,4,1,0
BRDA:134,5,0,0
BRDA:134,5,1,0
BRDA:157,6,0,0
BRDA:157,6,1,0
BRDA:157,6,2,0
BRDA:174,7,0,0
BRDA:174,7,1,0
BRDA:175,8,0,0
BRDA:175,8,1,0
BRDA:178,9,0,0
BRDA:178,9,1,0
BRDA:184,10,0,0
BRDA:184,10,1,0
BRDA:199,11,0,0
BRDA:199,11,1,0
BRDA:199,11,2,0
BRDA:200,12,0,0
BRDA:213,13,0,0
BRDA:282,14,0,0
BRDA:282,14,1,0
BRDA:282,15,0,0
BRDA:287,16,0,0
BRDA:287,16,1,0
BRDA:287,17,0,0
BRDA:320,18,0,0
BRDA:320,18,1,0
BRF:34
BRH:0
end_of_record
TN:
SF:src\app\(main)\admin-dashboard\error.jsx
FN:7,ErrorBoundary
FNF:1
FNH:0
FNDA:0,ErrorBoundary
DA:3,0
DA:4,0
DA:5,0
DA:7,0
LF:4
LH:0
BRDA:14,0,0,0
BRDA:14,0,1,0
BRF:2
BRH:0
end_of_record
TN:
SF:src\app\(main)\admin-dashboard\layout.jsx
FN:43,RootLayout
FNF:1
FNH:0
FNDA:0,RootLayout
DA:1,0
DA:2,0
DA:3,0
DA:4,0
DA:5,0
DA:6,0
DA:7,0
DA:9,0
DA:11,0
DA:35,0
DA:43,0
LF:11
LH:0
BRF:0
BRH:0
end_of_record
TN:
SF:src\app\(main)\admin-dashboard\loading.jsx
FN:3,Loading
FNF:1
FNH:0
FNDA:0,Loading
DA:1,0
DA:3,0
LF:2
LH:0
BRF:0
BRH:0
end_of_record
TN:
SF:src\app\(main)\admin-dashboard\logo.jsx
FN:1,(anonymous_1)
FNF:1
FNH:0
FNDA:0,(anonymous_1)
DA:1,0
DA:58,0
LF:2
LH:0
BRDA:1,0,0,0
BRDA:1,1,0,0
BRDA:1,2,0,0
BRF:3
BRH:0
end_of_record
TN:
SF:src\app\(main)\admin-dashboard\page.jsx
FN:139,(anonymous_6)
FN:166,ErrorBoundary
FN:170,(anonymous_8)
FN:171,(anonymous_9)
FN:184,(anonymous_10)
FN:200,(anonymous_11)
FN:217,(anonymous_12)
FN:225,(anonymous_13)
FN:228,(anonymous_14)
FN:233,(anonymous_15)
FN:259,(anonymous_16)
FN:286,(anonymous_17)
FN:296,(anonymous_18)
FN:314,StatsCard
FN:380,EventCard
FN:440,DashboardSkeleton
FN:452,(anonymous_22)
FN:479,(anonymous_23)
FN:493,(anonymous_24)
FN:507,AdminDashboard
FN:516,(anonymous_26)
FN:520,(anonymous_27)
FN:526,(anonymous_28)
FN:553,(anonymous_29)
FN:571,(anonymous_30)
FN:578,(anonymous_31)
FN:580,(anonymous_32)
FN:593,(anonymous_33)
FN:596,(anonymous_34)
FN:597,(anonymous_35)
FN:598,(anonymous_36)
FN:619,(anonymous_37)
FN:627,(anonymous_38)
FN:650,(anonymous_39)
FN:760,(anonymous_40)
FN:767,(anonymous_41)
FN:775,(anonymous_42)
FN:783,(anonymous_43)
FN:823,(anonymous_44)
FN:885,(anonymous_45)
FN:964,(anonymous_46)
FN:981,(anonymous_47)
FNF:42
FNH:0
FNDA:0,(anonymous_6)
FNDA:0,ErrorBoundary
FNDA:0,(anonymous_8)
FNDA:0,(anonymous_9)
FNDA:0,(anonymous_10)
FNDA:0,(anonymous_11)
FNDA:0,(anonymous_12)
FNDA:0,(anonymous_13)
FNDA:0,(anonymous_14)
FNDA:0,(anonymous_15)
FNDA:0,(anonymous_16)
FNDA:0,(anonymous_17)
FNDA:0,(anonymous_18)
FNDA:0,StatsCard
FNDA:0,EventCard
FNDA:0,DashboardSkeleton
FNDA:0,(anonymous_22)
FNDA:0,(anonymous_23)
FNDA:0,(anonymous_24)
FNDA:0,AdminDashboard
FNDA:0,(anonymous_26)
FNDA:0,(anonymous_27)
FNDA:0,(anonymous_28)
FNDA:0,(anonymous_29)
FNDA:0,(anonymous_30)
FNDA:0,(anonymous_31)
FNDA:0,(anonymous_32)
FNDA:0,(anonymous_33)
FNDA:0,(anonymous_34)
FNDA:0,(anonymous_35)
FNDA:0,(anonymous_36)
FNDA:0,(anonymous_37)
FNDA:0,(anonymous_38)
FNDA:0,(anonymous_39)
FNDA:0,(anonymous_40)
FNDA:0,(anonymous_41)
FNDA:0,(anonymous_42)
FNDA:0,(anonymous_43)
FNDA:0,(anonymous_44)
FNDA:0,(anonymous_45)
FNDA:0,(anonymous_46)
FNDA:0,(anonymous_47)
DA:4,0
DA:6,0
DA:7,0
DA:8,0
DA:9,0
DA:10,0
DA:11,0
DA:27,0
DA:28,0
DA:32,0
DA:105,0
DA:139,0
DA:140,0
DA:141,0
DA:144,0
DA:145,0
DA:149,0
DA:150,0
DA:154,0
DA:155,0
DA:158,0
DA:160,0
DA:161,0
DA:167,0
DA:168,0
DA:170,0
DA:171,0
DA:173,0
DA:174,0
DA:175,0
DA:176,0
DA:179,0
DA:180,0
DA:181,0
DA:184,0
DA:185,0
DA:186,0
DA:189,0
DA:190,0
DA:192,0
DA:195,0
DA:196,0
DA:197,0
DA:200,0
DA:202,0
DA:203,0
DA:204,0
DA:205,0
DA:206,0
DA:207,0
DA:213,0
DA:214,0
DA:217,0
DA:218,0
DA:219,0
DA:220,0
DA:225,0
DA:228,0
DA:229,0
DA:231,0
DA:233,0
DA:234,0
DA:236,0
DA:239,0
DA:241,0
DA:243,0
DA:248,0
DA:252,0
DA:259,0
DA:260,0
DA:264,0
DA:287,0
DA:288,0
DA:296,0
DA:310,0
DA:315,0
DA:332,0
DA:333,0
DA:381,0
DA:453,0
DA:480,0
DA:494,0
DA:507,0
DA:508,0
DA:509,0
DA:510,0
DA:511,0
DA:512,0
DA:513,0
DA:516,0
DA:517,0
DA:520,0
DA:521,0
DA:522,0
DA:523,0
DA:526,0
DA:527,0
DA:529,0
DA:530,0
DA:533,0
DA:534,0
DA:535,0
DA:539,0
DA:540,0
DA:542,0
DA:544,0
DA:545,0
DA:550,0
DA:553,0
DA:554,0
DA:555,0
DA:556,0
DA:561,0
DA:562,0
DA:563,0
DA:564,0
DA:569,0
DA:571,0
DA:572,0
DA:573,0
DA:578,0
DA:579,0
DA:580,0
DA:581,0
DA:583,0
DA:584,0
DA:587,0
DA:593,0
DA:594,0
DA:595,0
DA:596,0
DA:597,0
DA:598,0
DA:599,0
DA:601,0
DA:608,0
DA:609,0
DA:619,0
DA:620,0
DA:621,0
DA:623,0
DA:627,0
DA:628,0
DA:629,0
DA:631,0
DA:636,0
DA:650,0
DA:663,0
DA:664,0
DA:760,0
DA:767,0
DA:775,0
DA:783,0
DA:824,0
DA:886,0
DA:965,0
DA:982,0
LF:157
LH:0
BRDA:141,0,0,0
BRDA:144,1,0,0
BRDA:144,2,0,0
BRDA:144,2,1,0
BRDA:149,3,0,0
BRDA:154,4,0,0
BRDA:154,5,0,0
BRDA:154,5,1,0
BRDA:173,6,0,0
BRDA:173,6,1,0
BRDA:174,7,0,0
BRDA:174,8,0,0
BRDA:174,8,1,0
BRDA:181,9,0,0
BRDA:181,9,1,0
BRDA:186,10,0,0
BRDA:186,10,1,0
BRDA:186,10,2,0
BRDA:189,11,0,0
BRDA:189,12,0,0
BRDA:189,12,1,0
BRDA:202,13,0,0
BRDA:202,14,0,0
BRDA:202,14,1,0
BRDA:203,15,0,0
BRDA:203,15,1,0
BRDA:204,16,0,0
BRDA:204,17,0,0
BRDA:204,17,1,0
BRDA:236,18,0,0
BRDA:239,19,0,0
BRDA:239,20,0,0
BRDA:239,20,1,0
BRDA:241,21,0,0
BRDA:260,22,0,0
BRDA:264,23,0,0
BRDA:265,24,0,0
BRDA:278,25,0,0
BRDA:278,25,1,0
BRDA:314,26,0,0
BRDA:315,27,0,0
BRDA:332,28,0,0
BRDA:332,28,1,0
BRDA:333,29,0,0
BRDA:333,29,1,0
BRDA:365,30,0,0
BRDA:401,31,0,0
BRDA:401,31,1,0
BRDA:522,32,0,0
BRDA:533,33,0,0
BRDA:533,34,0,0
BRDA:533,34,1,0
BRDA:554,35,0,0
BRDA:562,36,0,0
BRDA:573,37,0,0
BRDA:581,38,0,0
BRDA:581,38,1,0
BRDA:583,39,0,0
BRDA:583,39,1,0
BRDA:584,40,0,0
BRDA:584,40,1,0
BRDA:599,41,0,0
BRDA:599,41,1,0
BRDA:636,42,0,0
BRDA:663,43,0,0
BRDA:663,44,0,0
BRDA:663,44,1,0
BRDA:765,45,0,0
BRDA:765,45,1,0
BRDA:768,46,0,0
BRDA:768,46,1,0
BRDA:773,47,0,0
BRDA:773,47,1,0
BRDA:776,48,0,0
BRDA:776,48,1,0
BRDA:781,49,0,0
BRDA:781,49,1,0
BRDA:784,50,0,0
BRDA:784,50,1,0
BRDA:826,51,0,0
BRDA:826,51,1,0
BRDA:856,52,0,0
BRDA:856,52,1,0
BRDA:858,53,0,0
BRDA:858,53,1,0
BRDA:906,54,0,0
BRDA:906,54,1,0
BRDA:908,55,0,0
BRDA:908,55,1,0
BRF:89
BRH:0
end_of_record
TN:
SF:src\app\(main)\admin-dashboard\events\loading.jsx
FN:1,Loading
FNF:1
FNH:0
FNDA:0,Loading
DA:1,0
DA:2,0
LF:2
LH:0
BRF:0
BRH:0
end_of_record
TN:
SF:src\app\(main)\admin-dashboard\events\page.jsx
FN:38,EventsPage
FN:46,(anonymous_5)
FN:50,(anonymous_6)
FN:54,(anonymous_7)
FN:59,(anonymous_8)
FN:103,(anonymous_9)
FN:118,(anonymous_10)
FNF:7
FNH:0
FNDA:0,EventsPage
FNDA:0,(anonymous_5)
FNDA:0,(anonymous_6)
FNDA:0,(anonymous_7)
FNDA:0,(anonymous_8)
FNDA:0,(anonymous_9)
FNDA:0,(anonymous_10)
DA:4,0
DA:6,0
DA:7,0
DA:8,0
DA:9,0
DA:10,0
DA:11,0
DA:12,0
DA:13,0
DA:14,0
DA:15,0
DA:16,0
DA:30,0
DA:38,0
DA:40,0
DA:41,0
DA:42,0
DA:43,0
DA:46,0
DA:47,0
DA:50,0
DA:51,0
DA:54,0
DA:55,0
DA:59,0
DA:103,0
DA:118,0
LF:27
LH:0
BRDA:101,0,0,0
BRDA:101,0,1,0
BRDA:106,1,0,0
BRDA:106,1,1,0
BRDA:116,2,0,0
BRDA:116,2,1,0
BRDA:121,3,0,0
BRDA:121,3,1,0
BRDA:226,4,0,0
BRDA:249,5,0,0
BRDA:272,6,0,0
BRF:11
BRH:0
end_of_record
TN:
SF:src\app\(main)\admin-dashboard\events\[id]\page.jsx
FN:73,EventDetailPage
FN:79,(anonymous_4)
FN:87,(anonymous_5)
FN:96,(anonymous_6)
FN:109,(anonymous_7)
FN:209,(anonymous_8)
FNF:6
FNH:0
FNDA:0,EventDetailPage
FNDA:0,(anonymous_4)
FNDA:0,(anonymous_5)
FNDA:0,(anonymous_6)
FNDA:0,(anonymous_7)
FNDA:0,(anonymous_8)
DA:4,0
DA:6,0
DA:7,0
DA:8,0
DA:9,0
DA:10,0
DA:11,0
DA:12,0
DA:13,0
DA:16,0
DA:73,0
DA:74,0
DA:75,0
DA:76,0
DA:79,0
DA:82,0
DA:87,0
DA:96,0
DA:109,0
DA:210,0
LF:20
LH:0
BRDA:82,0,0,0
BRDA:123,1,0,0
BRDA:123,1,1,0
BRDA:125,2,0,0
BRDA:125,2,1,0
BRDA:127,3,0,0
BRDA:127,3,1,0
BRDA:129,4,0,0
BRDA:129,4,1,0
BRDA:142,5,0,0
BRDA:142,5,1,0
BRDA:147,6,0,0
BRDA:147,6,1,0
BRDA:218,7,0,0
BRDA:247,8,0,0
BRDA:247,8,1,0
BRDA:275,9,0,0
BRF:17
BRH:0
end_of_record
TN:
SF:src\app\(main)\admin-dashboard\forms\multi-step-form-example\page.jsx
FN:23,MultiStepFormExamplePage
FN:35,(anonymous_4)
FN:63,(anonymous_5)
FN:89,(anonymous_6)
FN:100,(anonymous_7)
FN:100,(anonymous_8)
FN:101,(anonymous_9)
FN:104,(anonymous_10)
FN:112,(anonymous_11)
FN:117,(anonymous_12)
FN:131,(anonymous_13)
FN:210,(anonymous_14)
FN:221,(anonymous_15)
FN:221,(anonymous_16)
FN:222,(anonymous_17)
FN:225,(anonymous_18)
FN:233,(anonymous_19)
FN:238,(anonymous_20)
FN:248,(anonymous_21)
FN:341,(anonymous_22)
FN:352,(anonymous_23)
FN:352,(anonymous_24)
FN:353,(anonymous_25)
FN:356,(anonymous_26)
FN:364,(anonymous_27)
FN:369,(anonymous_28)
FN:378,(anonymous_29)
FN:468,(anonymous_30)
FN:469,(anonymous_31)
FN:560,(anonymous_32)
FNF:30
FNH:0
FNDA:0,MultiStepFormExamplePage
FNDA:0,(anonymous_4)
FNDA:0,(anonymous_5)
FNDA:0,(anonymous_6)
FNDA:0,(anonymous_7)
FNDA:0,(anonymous_8)
FNDA:0,(anonymous_9)
FNDA:0,(anonymous_10)
FNDA:0,(anonymous_11)
FNDA:0,(anonymous_12)
FNDA:0,(anonymous_13)
FNDA:0,(anonymous_14)
FNDA:0,(anonymous_15)
FNDA:0,(anonymous_16)
FNDA:0,(anonymous_17)
FNDA:0,(anonymous_18)
FNDA:0,(anonymous_19)
FNDA:0,(anonymous_20)
FNDA:0,(anonymous_21)
FNDA:0,(anonymous_22)
FNDA:0,(anonymous_23)
FNDA:0,(anonymous_24)
FNDA:0,(anonymous_25)
FNDA:0,(anonymous_26)
FNDA:0,(anonymous_27)
FNDA:0,(anonymous_28)
FNDA:0,(anonymous_29)
FNDA:0,(anonymous_30)
FNDA:0,(anonymous_31)
FNDA:0,(anonymous_32)
DA:4,0
DA:6,0
DA:7,0
DA:8,0
DA:16,0
DA:17,0
DA:18,0
DA:19,0
DA:20,0
DA:21,0
DA:23,0
DA:24,0
DA:25,0
DA:26,0
DA:27,0
DA:28,0
DA:29,0
DA:30,0
DA:31,0
DA:32,0
DA:33,0
DA:35,0
DA:36,0
DA:37,0
DA:38,0
DA:42,0
DA:64,0
DA:65,0
DA:66,0
DA:67,0
DA:68,0
DA:69,0
DA:70,0
DA:71,0
DA:72,0
DA:73,0
DA:86,0
DA:90,0
DA:98,0
DA:100,0
DA:101,0
DA:103,0
DA:104,0
DA:105,0
DA:106,0
DA:107,0
DA:112,0
DA:113,0
DA:114,0
DA:117,0
DA:118,0
DA:120,0
DA:121,0
DA:122,0
DA:123,0
DA:124,0
DA:125,0
DA:128,0
DA:131,0
DA:132,0
DA:135,0
DA:136,0
DA:139,0
DA:140,0
DA:211,0
DA:219,0
DA:221,0
DA:222,0
DA:224,0
DA:225,0
DA:226,0
DA:227,0
DA:228,0
DA:233,0
DA:234,0
DA:235,0
DA:238,0
DA:239,0
DA:241,0
DA:242,0
DA:243,0
DA:245,0
DA:248,0
DA:249,0
DA:252,0
DA:253,0
DA:256,0
DA:257,0
DA:261,0
DA:269,0
DA:342,0
DA:350,0
DA:352,0
DA:353,0
DA:355,0
DA:356,0
DA:357,0
DA:358,0
DA:359,0
DA:364,0
DA:365,0
DA:366,0
DA:369,0
DA:370,0
DA:372,0
DA:373,0
DA:375,0
DA:378,0
DA:379,0
DA:382,0
DA:383,0
DA:386,0
DA:387,0
DA:391,0
DA:399,0
DA:469,0
DA:470,0
DA:472,0
DA:473,0
DA:474,0
DA:477,0
DA:561,0
DA:562,0
LF:123
LH:0
BRDA:42,0,0,0
BRDA:91,1,0,0
BRDA:91,1,1,0
BRDA:92,2,0,0
BRDA:92,2,1,0
BRDA:93,3,0,0
BRDA:93,3,1,0
BRDA:94,4,0,0
BRDA:94,4,1,0
BRDA:95,5,0,0
BRDA:95,5,1,0
BRDA:103,6,0,0
BRDA:120,7,0,0
BRDA:121,8,0,0
BRDA:122,9,0,0
BRDA:122,9,1,0
BRDA:124,10,0,0
BRDA:139,11,0,0
BRDA:212,12,0,0
BRDA:212,12,1,0
BRDA:213,13,0,0
BRDA:213,13,1,0
BRDA:214,14,0,0
BRDA:214,14,1,0
BRDA:215,15,0,0
BRDA:215,15,1,0
BRDA:216,16,0,0
BRDA:216,16,1,0
BRDA:224,17,0,0
BRDA:241,18,0,0
BRDA:242,19,0,0
BRDA:243,20,0,0
BRDA:256,21,0,0
BRDA:343,22,0,0
BRDA:343,22,1,0
BRDA:344,23,0,0
BRDA:344,23,1,0
BRDA:345,24,0,0
BRDA:345,24,1,0
BRDA:346,25,0,0
BRDA:346,25,1,0
BRDA:347,26,0,0
BRDA:347,26,1,0
BRDA:355,27,0,0
BRDA:372,28,0,0
BRDA:373,29,0,0
BRDA:386,30,0,0
BRDA:472,31,0,0
BRDA:499,32,0,0
BRDA:499,32,1,0
BRDA:503,33,0,0
BRDA:503,33,1,0
BRDA:514,34,0,0
BRDA:514,34,1,0
BRDA:530,35,0,0
BRDA:530,35,1,0
BRDA:535,36,0,0
BRDA:535,36,1,0
BRDA:537,37,0,0
BRDA:537,37,1,0
BRDA:539,38,0,0
BRDA:539,38,1,0
BRDA:546,39,0,0
BRDA:562,40,0,0
BRF:64
BRH:0
end_of_record
TN:
SF:src\app\(main)\admin-dashboard\forms\responsive-form-example\page.jsx
FN:24,ResponsiveFormExamplePage
FN:50,(anonymous_4)
FN:50,(anonymous_5)
FN:51,(anonymous_6)
FN:54,(anonymous_7)
FN:62,(anonymous_8)
FN:67,(anonymous_9)
FN:67,(anonymous_10)
FN:71,(anonymous_11)
FN:89,(anonymous_12)
FN:102,(anonymous_13)
FN:170,(anonymous_14)
FNF:12
FNH:0
FNDA:0,ResponsiveFormExamplePage
FNDA:0,(anonymous_4)
FNDA:0,(anonymous_5)
FNDA:0,(anonymous_6)
FNDA:0,(anonymous_7)
FNDA:0,(anonymous_8)
FNDA:0,(anonymous_9)
FNDA:0,(anonymous_10)
FNDA:0,(anonymous_11)
FNDA:0,(anonymous_12)
FNDA:0,(anonymous_13)
FNDA:0,(anonymous_14)
DA:4,0
DA:6,0
DA:7,0
DA:15,0
DA:16,0
DA:17,0
DA:18,0
DA:19,0
DA:20,0
DA:21,0
DA:22,0
DA:24,0
DA:25,0
DA:26,0
DA:46,0
DA:47,0
DA:48,0
DA:50,0
DA:51,0
DA:53,0
DA:54,0
DA:55,0
DA:56,0
DA:57,0
DA:62,0
DA:63,0
DA:64,0
DA:67,0
DA:68,0
DA:71,0
DA:72,0
DA:74,0
DA:75,0
DA:76,0
DA:77,0
DA:78,0
DA:79,0
DA:82,0
DA:83,0
DA:86,0
DA:89,0
DA:90,0
DA:93,0
DA:96,0
DA:97,0
DA:100,0
DA:102,0
DA:103,0
DA:104,0
DA:110,0
DA:118,0
DA:126,0
DA:134,0
DA:170,0
LF:54
LH:0
BRDA:53,0,0,0
BRDA:74,1,0,0
BRDA:75,2,0,0
BRDA:76,3,0,0
BRDA:76,3,1,0
BRDA:78,4,0,0
BRDA:82,5,0,0
BRDA:100,6,0,0
BRDA:164,7,0,0
BRDA:174,8,0,0
BRDA:348,9,0,0
BRDA:348,9,1,0
BRF:12
BRH:0
end_of_record
TN:
SF:src\app\(main)\admin-dashboard\forms\search-filter-example\SearchFilterExamplePageContent.jsx
FN:28,SearchFilterExamplePageContent
FN:39,(anonymous_2)
FN:43,(anonymous_3)
FN:53,(anonymous_4)
FN:64,(anonymous_5)
FN:99,(anonymous_7)
FN:108,(anonymous_9)
FNF:7
FNH:0
FNDA:0,SearchFilterExamplePageContent
FNDA:0,(anonymous_2)
FNDA:0,(anonymous_3)
FNDA:0,(anonymous_4)
FNDA:0,(anonymous_5)
FNDA:0,(anonymous_7)
FNDA:0,(anonymous_9)
DA:3,0
DA:4,0
DA:5,0
DA:6,0
DA:7,0
DA:8,0
DA:9,0
DA:10,0
DA:11,0
DA:12,0
DA:15,0
DA:28,0
DA:29,0
DA:30,0
DA:31,0
DA:39,0
DA:40,0
DA:43,0
DA:44,0
DA:53,0
DA:54,0
DA:64,0
DA:65,0
DA:66,0
DA:68,0
DA:69,0
DA:71,0
DA:72,0
DA:73,0
DA:74,0
DA:76,0
DA:77,0
DA:79,0
DA:80,0
DA:82,0
DA:83,0
DA:85,0
DA:88,0
DA:99,0
DA:108,0
DA:111,0
DA:117,0
DA:124,0
LF:43
LH:0
BRDA:45,0,0,0
BRDA:45,0,1,0
BRDA:46,1,0,0
BRDA:46,1,1,0
BRDA:48,2,0,0
BRDA:48,2,1,0
BRDA:49,3,0,0
BRDA:49,3,1,0
BRDA:65,4,0,0
BRDA:65,5,0,0
BRDA:65,5,1,0
BRDA:68,6,0,0
BRDA:68,7,0,0
BRDA:68,7,1,0
BRDA:71,8,0,0
BRDA:72,9,0,0
BRDA:72,10,0,0
BRDA:72,10,1,0
BRDA:73,11,0,0
BRDA:73,12,0,0
BRDA:73,12,1,0
BRDA:73,12,2,0
BRDA:74,13,0,0
BRDA:74,14,0,0
BRDA:74,14,1,0
BRDA:76,15,0,0
BRDA:76,16,0,0
BRDA:76,16,1,0
BRDA:79,17,0,0
BRDA:79,18,0,0
BRDA:79,18,1,0
BRDA:82,19,0,0
BRDA:82,20,0,0
BRDA:82,20,1,0
BRDA:94,21,0,0
BRDA:94,21,1,0
BRDA:104,22,0,0
BRDA:104,22,1,0
BRDA:104,23,0,0
BRDA:104,23,1,0
BRF:40
BRH:0
end_of_record
TN:
SF:src\app\(main)\admin-dashboard\forms\search-filter-example\loading.jsx
FN:1,Loading
FNF:1
FNH:0
FNDA:0,Loading
DA:1,0
DA:2,0
LF:2
LH:0
BRF:0
BRH:0
end_of_record
TN:
SF:src\app\(main)\admin-dashboard\forms\search-filter-example\page.jsx
FN:9,SearchFilterExamplePage
FNF:1
FNH:0
FNDA:0,SearchFilterExamplePage
DA:4,0
DA:6,0
DA:7,0
DA:9,0
LF:4
LH:0
BRF:0
BRH:0
end_of_record
TN:
SF:src\app\(main)\admin-dashboard\notifications\loading.jsx
FN:1,Loading
FNF:1
FNH:0
FNDA:0,Loading
DA:1,0
DA:2,0
LF:2
LH:0
BRF:0
BRH:0
end_of_record
TN:
SF:src\app\(main)\admin-dashboard\notifications\page.jsx
FN:83,(anonymous_3)
FN:101,(anonymous_4)
FN:119,NotificationsContent
FN:131,(anonymous_7)
FN:133,(anonymous_8)
FN:139,(anonymous_9)
FN:141,(anonymous_10)
FN:145,(anonymous_11)
FN:146,(anonymous_12)
FN:150,(anonymous_13)
FN:154,(anonymous_14)
FN:165,(anonymous_15)
FN:175,(anonymous_16)
FN:202,(anonymous_17)
FN:246,(anonymous_18)
FN:252,(anonymous_19)
FN:273,(anonymous_20)
FN:278,(anonymous_21)
FN:286,(anonymous_22)
FN:322,NotificationsPageLoading
FN:340,(anonymous_24)
FN:357,AdminNotificationsPage
FNF:22
FNH:0
FNDA:0,(anonymous_3)
FNDA:0,(anonymous_4)
FNDA:0,NotificationsContent
FNDA:0,(anonymous_7)
FNDA:0,(anonymous_8)
FNDA:0,(anonymous_9)
FNDA:0,(anonymous_10)
FNDA:0,(anonymous_11)
FNDA:0,(anonymous_12)
FNDA:0,(anonymous_13)
FNDA:0,(anonymous_14)
FNDA:0,(anonymous_15)
FNDA:0,(anonymous_16)
FNDA:0,(anonymous_17)
FNDA:0,(anonymous_18)
FNDA:0,(anonymous_19)
FNDA:0,(anonymous_20)
FNDA:0,(anonymous_21)
FNDA:0,(anonymous_22)
FNDA:0,NotificationsPageLoading
FNDA:0,(anonymous_24)
FNDA:0,AdminNotificationsPage
DA:4,0
DA:6,0
DA:8,0
DA:9,0
DA:10,0
DA:11,0
DA:12,0
DA:13,0
DA:14,0
DA:28,0
DA:31,0
DA:83,0
DA:84,0
DA:85,0
DA:86,0
DA:87,0
DA:88,0
DA:90,0
DA:91,0
DA:93,0
DA:101,0
DA:102,0
DA:103,0
DA:104,0
DA:120,0
DA:121,0
DA:122,0
DA:123,0
DA:124,0
DA:131,0
DA:132,0
DA:134,0
DA:139,0
DA:140,0
DA:141,0
DA:145,0
DA:146,0
DA:150,0
DA:151,0
DA:154,0
DA:155,0
DA:157,0
DA:160,0
DA:161,0
DA:162,0
DA:165,0
DA:166,0
DA:167,0
DA:168,0
DA:170,0
DA:171,0
DA:174,0
DA:175,0
DA:202,0
DA:247,0
DA:253,0
DA:273,0
DA:278,0
DA:286,0
DA:341,0
DA:357,0
LF:61
LH:0
BRDA:85,0,0,0
BRDA:90,1,0,0
BRDA:91,2,0,0
BRDA:103,3,0,0
BRDA:134,4,0,0
BRDA:134,4,1,0
BRDA:151,5,0,0
BRDA:151,5,1,0
BRDA:157,6,0,0
BRDA:157,6,1,0
BRDA:157,6,2,0
BRDA:160,7,0,0
BRDA:160,7,1,0
BRDA:161,8,0,0
BRDA:161,8,1,0
BRDA:162,9,0,0
BRDA:162,9,1,0
BRDA:162,9,2,0
BRDA:167,10,0,0
BRDA:233,11,0,0
BRDA:238,12,0,0
BRDA:238,12,1,0
BRDA:238,13,0,0
BRDA:238,13,1,0
BRDA:238,13,2,0
BRDA:253,14,0,0
BRDA:253,14,1,0
BRDA:262,15,0,0
BRDA:262,15,1,0
BRDA:262,16,0,0
BRDA:262,16,1,0
BRDA:274,17,0,0
BRDA:275,18,0,0
BRDA:275,18,1,0
BRDA:277,19,0,0
BRDA:297,20,0,0
BRDA:300,21,0,0
BRDA:300,21,1,0
BRDA:303,22,0,0
BRDA:303,22,1,0
BRF:40
BRH:0
end_of_record
TN:
SF:src\app\(main)\admin-dashboard\profile\loading.jsx
FN:1,Loading
FNF:1
FNH:0
FNDA:0,Loading
DA:1,0
LF:1
LH:0
BRF:0
BRH:0
end_of_record
TN:
SF:src\app\(main)\admin-dashboard\profile\page.jsx
FN:13,ProfileContentLoading
FN:29,ProfileSectionContent
FN:66,AdminProfilePage
FNF:3
FNH:0
FNDA:0,ProfileContentLoading
FNDA:0,ProfileSectionContent
FNDA:0,AdminProfilePage
DA:4,0
DA:7,0
DA:8,0
DA:10,0
DA:30,0
DA:31,0
DA:66,0
LF:7
LH:0
BRDA:31,0,0,0
BRDA:31,0,1,0
BRDA:52,1,0,0
BRF:3
BRH:0
end_of_record
TN:
SF:src\app\(main)\admin-dashboard\proposals\page.jsx
FN:11,(anonymous_3)
FN:24,(anonymous_5)
FNF:2
FNH:0
FNDA:0,(anonymous_3)
FNDA:0,(anonymous_5)
DA:4,0
DA:5,0
DA:6,0
DA:7,0
DA:8,0
DA:9,0
DA:11,0
DA:25,0
DA:107,0
LF:9
LH:0
BRF:0
BRH:0
end_of_record
TN:
SF:src\app\(main)\admin-dashboard\proposals\new\page.jsx
FN:21,(anonymous_3)
FN:86,(anonymous_6)
FN:104,onSubmit
FN:120,(anonymous_8)
FN:131,saveDraft
FN:226,(anonymous_13)
FN:285,(anonymous_18)
FN:314,(anonymous_20)
FN:317,(anonymous_21)
FN:347,(anonymous_22)
FN:370,NewProposalPage
FNF:11
FNH:0
FNDA:0,(anonymous_3)
FNDA:0,(anonymous_6)
FNDA:0,onSubmit
FNDA:0,(anonymous_8)
FNDA:0,saveDraft
FNDA:0,(anonymous_13)
FNDA:0,(anonymous_18)
FNDA:0,(anonymous_20)
FNDA:0,(anonymous_21)
FNDA:0,(anonymous_22)
FNDA:0,NewProposalPage
DA:4,0
DA:7,0
DA:8,0
DA:9,0
DA:10,0
DA:11,0
DA:12,0
DA:13,0
DA:14,0
DA:15,0
DA:16,0
DA:17,0
DA:18,0
DA:21,0
DA:22,0
DA:24,0
DA:25,0
DA:26,0
DA:27,0
DA:30,0
DA:31,0
DA:34,0
DA:35,0
DA:36,0
DA:37,0
DA:40,0
DA:41,0
DA:43,0
DA:44,0
DA:46,0
DA:47,0
DA:48,0
DA:49,0
DA:51,0
DA:52,0
DA:59,0
DA:60,0
DA:61,0
DA:62,0
DA:65,0
DA:86,0
DA:87,0
DA:88,0
DA:89,0
DA:91,0
DA:105,0
DA:106,0
DA:108,0
DA:109,0
DA:114,0
DA:115,0
DA:120,0
DA:121,0
DA:123,0
DA:133,0
DA:134,0
DA:135,0
DA:226,0
DA:285,0
DA:314,0
DA:317,0
DA:347,0
DA:370,0
LF:63
LH:0
BRDA:24,0,0,0
BRDA:24,0,1,0
BRDA:26,1,0,0
BRDA:30,2,0,0
BRDA:34,3,0,0
BRDA:34,3,1,0
BRDA:36,4,0,0
BRDA:40,5,0,0
BRDA:43,6,0,0
BRDA:46,7,0,0
BRDA:46,7,1,0
BRDA:48,8,0,0
BRDA:51,9,0,0
BRDA:59,10,0,0
BRDA:59,10,1,0
BRDA:61,11,0,0
BRDA:108,12,0,0
BRDA:108,12,1,0
BRDA:285,13,0,0
BRDA:285,13,1,0
BRF:20
BRH:0
end_of_record
TN:
SF:src\app\(main)\admin-dashboard\reports\loading.jsx
FN:1,Loading
FNF:1
FNH:0
FNDA:0,Loading
DA:1,0
LF:1
LH:0
BRF:0
BRH:0
end_of_record
TN:
SF:src\app\(main)\admin-dashboard\reports\page.jsx
FN:279,ReportsContent
FN:294,(anonymous_5)
FN:305,(anonymous_6)
FN:322,(anonymous_7)
FN:323,(anonymous_8)
FN:327,(anonymous_9)
FN:329,(anonymous_10)
FN:333,(anonymous_11)
FN:334,(anonymous_12)
FN:339,(anonymous_13)
FN:345,(anonymous_14)
FN:351,(anonymous_15)
FN:407,(anonymous_16)
FN:457,(anonymous_17)
FN:465,(anonymous_18)
FN:475,(anonymous_19)
FN:484,(anonymous_20)
FN:495,(anonymous_21)
FN:556,(anonymous_22)
FN:740,(anonymous_23)
FN:750,(anonymous_24)
FN:848,(anonymous_25)
FN:890,(anonymous_26)
FN:923,(anonymous_27)
FN:933,(anonymous_28)
FN:1017,(anonymous_29)
FN:1026,(anonymous_30)
FN:1194,ReportsPage
FNF:28
FNH:0
FNDA:0,ReportsContent
FNDA:0,(anonymous_5)
FNDA:0,(anonymous_6)
FNDA:0,(anonymous_7)
FNDA:0,(anonymous_8)
FNDA:0,(anonymous_9)
FNDA:0,(anonymous_10)
FNDA:0,(anonymous_11)
FNDA:0,(anonymous_12)
FNDA:0,(anonymous_13)
FNDA:0,(anonymous_14)
FNDA:0,(anonymous_15)
FNDA:0,(anonymous_16)
FNDA:0,(anonymous_17)
FNDA:0,(anonymous_18)
FNDA:0,(anonymous_19)
FNDA:0,(anonymous_20)
FNDA:0,(anonymous_21)
FNDA:0,(anonymous_22)
FNDA:0,(anonymous_23)
FNDA:0,(anonymous_24)
FNDA:0,(anonymous_25)
FNDA:0,(anonymous_26)
FNDA:0,(anonymous_27)
FNDA:0,(anonymous_28)
FNDA:0,(anonymous_29)
FNDA:0,(anonymous_30)
FNDA:0,ReportsPage
DA:4,0
DA:6,0
DA:7,0
DA:8,0
DA:9,0
DA:10,0
DA:11,0
DA:12,0
DA:13,0
DA:14,0
DA:15,0
DA:30,0
DA:31,0
DA:32,0
DA:35,0
DA:137,0
DA:213,0
DA:252,0
DA:280,0
DA:281,0
DA:282,0
DA:283,0
DA:284,0
DA:285,0
DA:286,0
DA:287,0
DA:288,0
DA:289,0
DA:290,0
DA:291,0
DA:294,0
DA:296,0
DA:298,0
DA:299,0
DA:301,0
DA:305,0
DA:306,0
DA:308,0
DA:309,0
DA:310,0
DA:311,0
DA:312,0
DA:313,0
DA:314,0
DA:315,0
DA:318,0
DA:322,0
DA:323,0
DA:327,0
DA:328,0
DA:329,0
DA:333,0
DA:334,0
DA:335,0
DA:339,0
DA:340,0
DA:341,0
DA:345,0
DA:346,0
DA:347,0
DA:351,0
DA:352,0
DA:353,0
DA:355,0
DA:356,0
DA:407,0
DA:457,0
DA:465,0
DA:475,0
DA:484,0
DA:496,0
DA:556,0
DA:740,0
DA:750,0
DA:849,0
DA:890,0
DA:923,0
DA:933,0
DA:1018,0
DA:1026,0
DA:1194,0
LF:81
LH:0
BRDA:296,0,0,0
BRDA:296,0,1,0
BRDA:298,1,0,0
BRDA:298,1,1,0
BRDA:299,2,0,0
BRDA:299,2,1,0
BRDA:301,3,0,0
BRDA:301,3,1,0
BRDA:301,3,2,0
BRDA:308,4,0,0
BRDA:308,4,1,0
BRDA:310,5,0,0
BRDA:310,5,1,0
BRDA:312,6,0,0
BRDA:312,6,1,0
BRDA:314,7,0,0
BRDA:318,8,0,0
BRDA:318,8,1,0
BRDA:328,9,0,0
BRDA:335,10,0,0
BRDA:335,10,1,0
BRDA:352,11,0,0
BRDA:352,11,1,0
BRDA:353,12,0,0
BRDA:353,12,1,0
BRDA:495,13,0,0
BRDA:505,14,0,0
BRDA:505,14,1,0
BRDA:510,15,0,0
BRDA:510,15,1,0
BRDA:536,16,0,0
BRDA:536,16,1,0
BRDA:538,17,0,0
BRDA:538,17,1,0
BRDA:737,18,0,0
BRDA:737,18,1,0
BRDA:758,19,0,0
BRDA:758,19,1,0
BRDA:763,20,0,0
BRDA:763,20,1,0
BRDA:860,21,0,0
BRDA:860,21,1,0
BRDA:865,22,0,0
BRDA:865,22,1,0
BRDA:876,23,0,0
BRDA:876,23,1,0
BRDA:878,24,0,0
BRDA:878,24,1,0
BRDA:898,25,0,0
BRDA:920,26,0,0
BRDA:920,26,1,0
BRDA:941,27,0,0
BRDA:941,27,1,0
BRDA:946,28,0,0
BRDA:946,28,1,0
BRDA:979,29,0,0
BRDA:979,29,1,0
BRDA:984,30,0,0
BRDA:984,30,1,0
BRDA:1036,31,0,0
BRDA:1049,32,0,0
BRDA:1081,33,0,0
BRDA:1089,34,0,0
BRDA:1089,34,1,0
BRDA:1104,35,0,0
BRDA:1115,36,0,0
BRF:66
BRH:0
end_of_record
TN:
SF:src\app\(main)\admin-dashboard\review\EventDetails.jsx
FN:5,EventDetails
FN:10,(anonymous_2)
FN:86,(anonymous_3)
FNF:3
FNH:0
FNDA:0,EventDetails
FNDA:0,(anonymous_2)
FNDA:0,(anonymous_3)
DA:1,0
DA:2,0
DA:3,0
DA:5,0
DA:6,0
DA:8,0
DA:10,0
DA:11,0
DA:86,0
DA:87,0
LF:10
LH:0
BRDA:6,0,0,0
BRDA:11,1,0,0
BRDA:22,2,0,0
BRDA:55,3,0,0
BRDA:55,3,1,0
BRDA:87,4,0,0
BRDA:98,5,0,0
BRDA:121,6,0,0
BRDA:121,6,1,0
BRDA:127,7,0,0
BRDA:127,7,1,0
BRF:11
BRH:0
end_of_record
TN:
SF:src\app\(main)\admin-dashboard\review\comments.jsx
FN:6,CommentsPanel
FN:14,(anonymous_2)
FN:40,(anonymous_3)
FNF:3
FNH:0
FNDA:0,CommentsPanel
FNDA:0,(anonymous_2)
FNDA:0,(anonymous_3)
DA:1,0
DA:2,0
DA:3,0
DA:4,0
DA:6,0
DA:7,0
DA:15,0
DA:40,0
LF:8
LH:0
BRDA:7,0,0,0
BRDA:14,1,0,0
BRDA:13,2,0,0
BRDA:13,2,1,0
BRDA:17,3,0,0
BRDA:17,3,1,0
BRF:6
BRH:0
end_of_record
TN:
SF:src\app\(main)\admin-dashboard\review\decision.jsx
FN:7,DecisionPanel
FN:15,(anonymous_2)
FN:33,(anonymous_3)
FNF:3
FNH:0
FNDA:0,DecisionPanel
FNDA:0,(anonymous_2)
FNDA:0,(anonymous_3)
DA:1,0
DA:2,0
DA:3,0
DA:4,0
DA:5,0
DA:7,0
DA:15,0
DA:33,0
LF:8
LH:0
BRDA:15,0,0,0
BRDA:15,0,1,0
BRF:2
BRH:0
end_of_record
TN:
SF:src\app\(main)\admin-dashboard\review\loading.jsx
FN:1,Loading
FNF:1
FNH:0
FNDA:0,Loading
DA:1,0
DA:2,0
LF:2
LH:0
BRF:0
BRH:0
end_of_record
TN:
SF:src\app\(main)\admin-dashboard\review\page.jsx
FN:364,ReviewPage
FN:378,(anonymous_5)
FN:380,(anonymous_6)
FN:396,(anonymous_7)
FN:397,(anonymous_8)
FN:398,(anonymous_9)
FN:399,(anonymous_10)
FN:403,(anonymous_11)
FN:404,(anonymous_12)
FN:410,(anonymous_13)
FN:414,(anonymous_14)
FN:424,(anonymous_15)
FN:427,(anonymous_16)
FN:450,(anonymous_17)
FN:453,(anonymous_18)
FN:510,(anonymous_19)
FN:519,(anonymous_20)
FN:539,(anonymous_21)
FN:641,(anonymous_22)
FN:683,(anonymous_23)
FN:754,(anonymous_24)
FN:772,(anonymous_25)
FN:794,(anonymous_26)
FN:795,(anonymous_27)
FN:852,(anonymous_28)
FN:1055,(anonymous_29)
FN:1061,(anonymous_30)
FN:1070,(anonymous_31)
FN:1079,(anonymous_32)
FNF:29
FNH:0
FNDA:0,ReviewPage
FNDA:0,(anonymous_5)
FNDA:0,(anonymous_6)
FNDA:0,(anonymous_7)
FNDA:0,(anonymous_8)
FNDA:0,(anonymous_9)
FNDA:0,(anonymous_10)
FNDA:0,(anonymous_11)
FNDA:0,(anonymous_12)
FNDA:0,(anonymous_13)
FNDA:0,(anonymous_14)
FNDA:0,(anonymous_15)
FNDA:0,(anonymous_16)
FNDA:0,(anonymous_17)
FNDA:0,(anonymous_18)
FNDA:0,(anonymous_19)
FNDA:0,(anonymous_20)
FNDA:0,(anonymous_21)
FNDA:0,(anonymous_22)
FNDA:0,(anonymous_23)
FNDA:0,(anonymous_24)
FNDA:0,(anonymous_25)
FNDA:0,(anonymous_26)
FNDA:0,(anonymous_27)
FNDA:0,(anonymous_28)
FNDA:0,(anonymous_29)
FNDA:0,(anonymous_30)
FNDA:0,(anonymous_31)
FNDA:0,(anonymous_32)
DA:4,0
DA:6,0
DA:7,0
DA:8,0
DA:9,0
DA:10,0
DA:11,0
DA:12,0
DA:13,0
DA:14,0
DA:22,0
DA:23,0
DA:24,0
DA:25,0
DA:26,0
DA:27,0
DA:30,0
DA:364,0
DA:366,0
DA:368,0
DA:369,0
DA:370,0
DA:371,0
DA:372,0
DA:373,0
DA:374,0
DA:375,0
DA:378,0
DA:379,0
DA:380,0
DA:382,0
DA:383,0
DA:385,0
DA:388,0
DA:389,0
DA:391,0
DA:396,0
DA:397,0
DA:398,0
DA:399,0
DA:403,0
DA:404,0
DA:405,0
DA:406,0
DA:407,0
DA:408,0
DA:409,0
DA:410,0
DA:411,0
DA:412,0
DA:414,0
DA:419,0
DA:424,0
DA:425,0
DA:427,0
DA:428,0
DA:431,0
DA:450,0
DA:451,0
DA:453,0
DA:454,0
DA:457,0
DA:474,0
DA:475,0
DA:477,0
DA:500,0
DA:502,0
DA:505,0
DA:510,0
DA:511,0
DA:512,0
DA:513,0
DA:514,0
DA:515,0
DA:516,0
DA:519,0
DA:520,0
DA:523,0
DA:529,0
DA:530,0
DA:535,0
DA:539,0
DA:541,0
DA:546,0
DA:641,0
DA:684,0
DA:754,0
DA:772,0
DA:794,0
DA:796,0
DA:852,0
DA:1055,0
DA:1062,0
DA:1063,0
DA:1071,0
DA:1072,0
DA:1080,0
DA:1085,0
DA:1086,0
LF:99
LH:0
BRDA:382,0,0,0
BRDA:382,0,1,0
BRDA:382,0,2,0
BRDA:383,1,0,0
BRDA:383,1,1,0
BRDA:383,1,2,0
BRDA:385,2,0,0
BRDA:385,2,1,0
BRDA:385,2,2,0
BRDA:388,3,0,0
BRDA:388,3,1,0
BRDA:388,4,0,0
BRDA:388,4,1,0
BRDA:389,5,0,0
BRDA:389,5,1,0
BRDA:391,6,0,0
BRDA:391,6,1,0
BRDA:399,7,0,0
BRDA:399,7,1,0
BRDA:406,8,0,0
BRDA:406,8,1,0
BRDA:409,9,0,0
BRDA:409,9,1,0
BRDA:410,10,0,0
BRDA:410,10,1,0
BRDA:411,11,0,0
BRDA:411,11,1,0
BRDA:411,11,2,0
BRDA:414,12,0,0
BRDA:414,12,1,0
BRDA:419,13,0,0
BRDA:419,13,1,0
BRDA:419,14,0,0
BRDA:419,14,1,0
BRDA:425,15,0,0
BRDA:425,16,0,0
BRDA:425,16,1,0
BRDA:427,17,0,0
BRDA:427,17,1,0
BRDA:432,18,0,0
BRDA:432,18,1,0
BRDA:433,19,0,0
BRDA:433,19,1,0
BRDA:434,20,0,0
BRDA:434,20,1,0
BRDA:434,20,2,0
BRDA:435,21,0,0
BRDA:435,21,1,0
BRDA:435,21,2,0
BRDA:436,22,0,0
BRDA:436,22,1,0
BRDA:436,22,2,0
BRDA:437,23,0,0
BRDA:437,23,1,0
BRDA:437,23,2,0
BRDA:438,24,0,0
BRDA:438,24,1,0
BRDA:438,24,2,0
BRDA:439,25,0,0
BRDA:439,25,1,0
BRDA:441,26,0,0
BRDA:441,26,1,0
BRDA:441,26,2,0
BRDA:442,27,0,0
BRDA:442,27,1,0
BRDA:444,28,0,0
BRDA:444,28,1,0
BRDA:445,29,0,0
BRDA:445,29,1,0
BRDA:451,30,0,0
BRDA:451,31,0,0
BRDA:451,31,1,0
BRDA:453,32,0,0
BRDA:453,32,1,0
BRDA:458,33,0,0
BRDA:458,33,1,0
BRDA:459,34,0,0
BRDA:459,34,1,0
BRDA:460,35,0,0
BRDA:460,35,1,0
BRDA:460,35,2,0
BRDA:461,36,0,0
BRDA:461,36,1,0
BRDA:461,36,2,0
BRDA:462,37,0,0
BRDA:462,37,1,0
BRDA:462,37,2,0
BRDA:463,38,0,0
BRDA:463,38,1,0
BRDA:465,39,0,0
BRDA:465,39,1,0
BRDA:465,39,2,0
BRDA:466,40,0,0
BRDA:466,40,1,0
BRDA:468,41,0,0
BRDA:468,41,1,0
BRDA:469,42,0,0
BRDA:469,42,1,0
BRDA:480,43,0,0
BRDA:480,43,1,0
BRDA:481,44,0,0
BRDA:481,44,1,0
BRDA:481,44,2,0
BRDA:482,45,0,0
BRDA:482,45,1,0
BRDA:482,45,2,0
BRDA:482,45,3,0
BRDA:485,46,0,0
BRDA:485,46,1,0
BRDA:488,47,0,0
BRDA:488,47,1,0
BRDA:489,48,0,0
BRDA:489,48,1,0
BRDA:489,48,2,0
BRDA:491,49,0,0
BRDA:491,49,1,0
BRDA:491,49,2,0
BRDA:492,50,0,0
BRDA:492,50,1,0
BRDA:494,51,0,0
BRDA:494,51,1,0
BRDA:495,52,0,0
BRDA:495,52,1,0
BRDA:515,53,0,0
BRDA:515,53,1,0
BRDA:520,54,0,0
BRDA:529,55,0,0
BRDA:529,56,0,0
BRDA:529,56,1,0
BRDA:661,57,0,0
BRDA:667,58,0,0
BRDA:667,58,1,0
BRDA:703,59,0,0
BRDA:703,59,1,0
BRDA:716,60,0,0
BRDA:716,60,1,0
BRDA:739,61,0,0
BRDA:739,61,1,0
BRDA:741,62,0,0
BRDA:741,62,1,0
BRDA:773,63,0,0
BRDA:819,64,0,0
BRDA:819,64,1,0
BRDA:891,65,0,0
BRDA:899,66,0,0
BRDA:899,66,1,0
BRDA:953,67,0,0
BRDA:953,67,1,0
BRDA:990,68,0,0
BRDA:990,68,1,0
BRDA:996,69,0,0
BRDA:1080,70,0,0
BRF:152
BRH:0
end_of_record
TN:
SF:src\app\(main)\admin-dashboard\reviews\loading.jsx
FN:1,Loading
FNF:1
FNH:0
FNDA:0,Loading
DA:1,0
DA:2,0
LF:2
LH:0
BRF:0
BRH:0
end_of_record
TN:
SF:src\app\(main)\admin-dashboard\reviews\page.jsx
FN:363,ReviewPage
FN:371,(anonymous_4)
FN:380,(anonymous_5)
FN:400,(anonymous_6)
FN:454,(anonymous_7)
FN:489,(anonymous_8)
FN:518,(anonymous_9)
FN:519,(anonymous_10)
FN:551,(anonymous_11)
FN:835,(anonymous_12)
FN:861,(anonymous_13)
FN:879,(anonymous_14)
FN:897,(anonymous_15)
FN:988,(anonymous_16)
FN:994,(anonymous_17)
FN:1003,(anonymous_18)
FN:1012,(anonymous_19)
FNF:17
FNH:0
FNDA:0,ReviewPage
FNDA:0,(anonymous_4)
FNDA:0,(anonymous_5)
FNDA:0,(anonymous_6)
FNDA:0,(anonymous_7)
FNDA:0,(anonymous_8)
FNDA:0,(anonymous_9)
FNDA:0,(anonymous_10)
FNDA:0,(anonymous_11)
FNDA:0,(anonymous_12)
FNDA:0,(anonymous_13)
FNDA:0,(anonymous_14)
FNDA:0,(anonymous_15)
FNDA:0,(anonymous_16)
FNDA:0,(anonymous_17)
FNDA:0,(anonymous_18)
FNDA:0,(anonymous_19)
DA:4,0
DA:6,0
DA:7,0
DA:8,0
DA:9,0
DA:10,0
DA:18,0
DA:19,0
DA:20,0
DA:21,0
DA:22,0
DA:23,0
DA:24,0
DA:25,0
DA:26,0
DA:29,0
DA:363,0
DA:364,0
DA:365,0
DA:366,0
DA:367,0
DA:368,0
DA:369,0
DA:371,0
DA:372,0
DA:373,0
DA:374,0
DA:375,0
DA:376,0
DA:377,0
DA:380,0
DA:381,0
DA:384,0
DA:390,0
DA:391,0
DA:396,0
DA:400,0
DA:402,0
DA:407,0
DA:455,0
DA:489,0
DA:518,0
DA:520,0
DA:551,0
DA:836,0
DA:861,0
DA:879,0
DA:897,0
DA:988,0
DA:995,0
DA:996,0
DA:1004,0
DA:1005,0
DA:1013,0
DA:1018,0
DA:1019,0
LF:56
LH:0
BRDA:376,0,0,0
BRDA:376,0,1,0
BRDA:381,1,0,0
BRDA:390,2,0,0
BRDA:390,3,0,0
BRDA:390,3,1,0
BRDA:461,4,0,0
BRDA:461,4,1,0
BRDA:475,5,0,0
BRDA:475,5,1,0
BRDA:477,6,0,0
BRDA:477,6,1,0
BRDA:526,7,0,0
BRDA:526,7,1,0
BRDA:538,8,0,0
BRDA:599,9,0,0
BRDA:607,10,0,0
BRDA:607,10,1,0
BRDA:661,11,0,0
BRDA:661,11,1,0
BRDA:675,12,0,0
BRDA:685,13,0,0
BRDA:720,14,0,0
BRDA:720,14,1,0
BRDA:752,15,0,0
BRDA:762,16,0,0
BRDA:786,17,0,0
BRDA:786,17,1,0
BRDA:794,18,0,0
BRDA:794,18,1,0
BRDA:835,19,0,0
BRDA:834,20,0,0
BRDA:834,20,1,0
BRDA:838,21,0,0
BRDA:838,21,1,0
BRDA:879,22,0,0
BRDA:879,22,1,0
BRDA:923,23,0,0
BRDA:923,23,1,0
BRDA:929,24,0,0
BRDA:1013,25,0,0
BRF:41
BRH:0
end_of_record
TN:
SF:src\app\(main)\admin-dashboard\settings\loading.jsx
FN:1,Loading
FNF:1
FNH:0
FNDA:0,Loading
DA:1,0
DA:2,0
LF:2
LH:0
BRF:0
BRH:0
end_of_record
TN:
SF:src\app\(main)\admin-dashboard\settings\page.jsx
FN:20,(anonymous_8)
FN:20,(anonymous_9)
FN:56,(anonymous_12)
FN:71,(anonymous_13)
FN:111,(anonymous_14)
FN:119,(anonymous_15)
FN:130,(anonymous_16)
FN:131,(anonymous_17)
FN:138,(anonymous_18)
FN:143,(anonymous_19)
FN:144,(anonymous_20)
FN:148,(anonymous_21)
FN:151,(anonymous_22)
FN:192,(anonymous_24)
FN:195,(anonymous_25)
FN:199,(anonymous_26)
FN:267,(anonymous_27)
FN:346,(anonymous_28)
FN:364,(anonymous_29)
FN:414,(anonymous_30)
FN:493,(anonymous_31)
FN:503,(anonymous_32)
FNF:22
FNH:0
FNDA:0,(anonymous_8)
FNDA:0,(anonymous_9)
FNDA:0,(anonymous_12)
FNDA:0,(anonymous_13)
FNDA:0,(anonymous_14)
FNDA:0,(anonymous_15)
FNDA:0,(anonymous_16)
FNDA:0,(anonymous_17)
FNDA:0,(anonymous_18)
FNDA:0,(anonymous_19)
FNDA:0,(anonymous_20)
FNDA:0,(anonymous_21)
FNDA:0,(anonymous_22)
FNDA:0,(anonymous_24)
FNDA:0,(anonymous_25)
FNDA:0,(anonymous_26)
FNDA:0,(anonymous_27)
FNDA:0,(anonymous_28)
FNDA:0,(anonymous_29)
FNDA:0,(anonymous_30)
FNDA:0,(anonymous_31)
FNDA:0,(anonymous_32)
DA:4,0
DA:5,0
DA:7,0
DA:8,0
DA:11,0
DA:12,0
DA:15,0
DA:16,0
DA:17,0
DA:20,0
DA:28,0
DA:29,0
DA:30,0
DA:31,0
DA:32,0
DA:33,0
DA:34,0
DA:35,0
DA:54,0
DA:56,0
DA:57,0
DA:58,0
DA:61,0
DA:64,0
DA:71,0
DA:72,0
DA:73,0
DA:108,0
DA:111,0
DA:112,0
DA:119,0
DA:120,0
DA:121,0
DA:130,0
DA:131,0
DA:132,0
DA:133,0
DA:134,0
DA:135,0
DA:136,0
DA:138,0
DA:143,0
DA:144,0
DA:148,0
DA:151,0
DA:152,0
DA:156,0
DA:170,0
DA:192,0
DA:196,0
DA:199,0
DA:267,0
DA:346,0
DA:364,0
DA:414,0
DA:493,0
DA:504,0
DA:612,0
DA:614,0
LF:59
LH:0
BRDA:72,0,0,0
BRDA:72,1,0,0
BRDA:72,1,1,0
BRDA:72,1,2,0
BRDA:72,1,3,0
BRDA:120,2,0,0
BRDA:152,3,0,0
BRDA:152,3,1,0
BRDA:156,4,0,0
BRDA:170,5,0,0
BRDA:170,6,0,0
BRDA:170,6,1,0
BRDA:288,7,0,0
BRDA:288,7,1,0
BRDA:344,8,0,0
BRDA:344,8,1,0
BRDA:349,9,0,0
BRDA:362,10,0,0
BRDA:362,10,1,0
BRDA:367,11,0,0
BRDA:380,12,0,0
BRDA:384,13,0,0
BRDA:396,14,0,0
BRDA:403,15,0,0
BRDA:403,15,1,0
BRDA:417,16,0,0
BRDA:430,17,0,0
BRDA:457,18,0,0
BRDA:519,19,0,0
BRDA:519,19,1,0
BRDA:526,20,0,0
BRDA:531,21,0,0
BRDA:548,22,0,0
BRF:33
BRH:0
end_of_record
TN:
SF:src\app\(main)\admin-dashboard\settings\api\user-api.js
FN:30,(anonymous_4)
FN:32,(anonymous_5)
FN:43,(anonymous_6)
FN:44,(anonymous_7)
FN:73,(anonymous_8)
FN:130,(anonymous_9)
FN:162,(anonymous_10)
FN:199,(anonymous_11)
FN:236,(anonymous_12)
FN:270,(anonymous_13)
FN:296,(anonymous_14)
FN:314,(anonymous_15)
FN:341,(anonymous_16)
FN:369,(anonymous_17)
FN:379,(anonymous_18)
FNF:15
FNH:0
FNDA:0,(anonymous_4)
FNDA:0,(anonymous_5)
FNDA:0,(anonymous_6)
FNDA:0,(anonymous_7)
FNDA:0,(anonymous_8)
FNDA:0,(anonymous_9)
FNDA:0,(anonymous_10)
FNDA:0,(anonymous_11)
FNDA:0,(anonymous_12)
FNDA:0,(anonymous_13)
FNDA:0,(anonymous_14)
FNDA:0,(anonymous_15)
FNDA:0,(anonymous_16)
FNDA:0,(anonymous_17)
FNDA:0,(anonymous_18)
DA:15,0
DA:18,0
DA:21,0
DA:30,0
DA:31,0
DA:32,0
DA:33,0
DA:34,0
DA:35,0
DA:38,0
DA:42,0
DA:43,0
DA:45,0
DA:48,0
DA:50,0
DA:51,0
DA:55,0
DA:62,0
DA:74,0
DA:76,0
DA:78,0
DA:80,0
DA:81,0
DA:84,0
DA:85,0
DA:88,0
DA:89,0
DA:90,0
DA:93,0
DA:94,0
DA:96,0
DA:98,0
DA:101,0
DA:103,0
DA:104,0
DA:107,0
DA:110,0
DA:111,0
DA:112,0
DA:113,0
DA:114,0
DA:115,0
DA:116,0
DA:117,0
DA:120,0
DA:131,0
DA:133,0
DA:134,0
DA:135,0
DA:137,0
DA:138,0
DA:139,0
DA:142,0
DA:143,0
DA:146,0
DA:147,0
DA:148,0
DA:151,0
DA:152,0
DA:163,0
DA:165,0
DA:166,0
DA:167,0
DA:169,0
DA:171,0
DA:178,0
DA:181,0
DA:182,0
DA:183,0
DA:184,0
DA:185,0
DA:188,0
DA:200,0
DA:202,0
DA:203,0
DA:204,0
DA:206,0
DA:208,0
DA:215,0
DA:217,0
DA:218,0
DA:219,0
DA:220,0
DA:221,0
DA:222,0
DA:223,0
DA:226,0
DA:237,0
DA:239,0
DA:240,0
DA:241,0
DA:243,0
DA:245,0
DA:252,0
DA:254,0
DA:255,0
DA:256,0
DA:257,0
DA:260,0
DA:271,0
DA:273,0
DA:274,0
DA:275,0
DA:277,0
DA:279,0
DA:286,0
DA:287,0
DA:297,0
DA:299,0
DA:300,0
DA:301,0
DA:303,0
DA:304,0
DA:307,0
DA:310,0
DA:311,0
DA:312,0
DA:313,0
DA:314,0
DA:315,0
DA:316,0
DA:317,0
DA:318,0
DA:324,0
DA:326,0
DA:330,0
DA:342,0
DA:344,0
DA:345,0
DA:346,0
DA:348,0
DA:350,0
DA:357,0
DA:358,0
DA:370,0
DA:372,0
DA:373,0
DA:375,0
DA:376,0
DA:379,0
DA:380,0
DA:381,0
DA:385,0
DA:386,0
DA:388,0
DA:389,0
DA:391,0
DA:392,0
DA:395,0
DA:398,0
DA:399,0
DA:400,0
DA:403,0
DA:408,0
LF:154
LH:0
BRDA:18,0,0,0
BRDA:18,0,1,0
BRDA:31,1,0,0
BRDA:33,2,0,0
BRDA:45,3,0,0
BRDA:45,3,1,0
BRDA:48,4,0,0
BRDA:50,5,0,0
BRDA:73,6,0,0
BRDA:80,7,0,0
BRDA:84,8,0,0
BRDA:88,9,0,0
BRDA:90,10,0,0
BRDA:90,10,1,0
BRDA:94,11,0,0
BRDA:94,11,1,0
BRDA:101,12,0,0
BRDA:101,12,1,0
BRDA:101,12,2,0
BRDA:110,13,0,0
BRDA:110,13,1,0
BRDA:112,14,0,0
BRDA:112,14,1,0
BRDA:114,15,0,0
BRDA:114,15,1,0
BRDA:116,16,0,0
BRDA:116,17,0,0
BRDA:116,17,1,0
BRDA:120,18,0,0
BRDA:120,18,1,0
BRDA:135,19,0,0
BRDA:135,19,1,0
BRDA:137,20,0,0
BRDA:146,21,0,0
BRDA:152,22,0,0
BRDA:152,22,1,0
BRDA:167,23,0,0
BRDA:167,23,1,0
BRDA:181,24,0,0
BRDA:181,24,1,0
BRDA:182,25,0,0
BRDA:182,25,1,0
BRDA:184,26,0,0
BRDA:188,27,0,0
BRDA:188,27,1,0
BRDA:204,28,0,0
BRDA:204,28,1,0
BRDA:217,29,0,0
BRDA:217,29,1,0
BRDA:219,30,0,0
BRDA:219,30,1,0
BRDA:220,31,0,0
BRDA:220,31,1,0
BRDA:222,32,0,0
BRDA:226,33,0,0
BRDA:226,33,1,0
BRDA:248,34,0,0
BRDA:248,34,1,0
BRDA:254,35,0,0
BRDA:254,35,1,0
BRDA:256,36,0,0
BRDA:257,37,0,0
BRDA:257,37,1,0
BRDA:260,38,0,0
BRDA:260,38,1,0
BRDA:281,39,0,0
BRDA:281,39,1,0
BRDA:287,40,0,0
BRDA:287,40,1,0
BRDA:301,41,0,0
BRDA:301,41,1,0
BRDA:310,42,0,0
BRDA:316,43,0,0
BRDA:316,43,1,0
BRDA:317,44,0,0
BRDA:330,45,0,0
BRDA:330,45,1,0
BRDA:346,46,0,0
BRDA:346,46,1,0
BRDA:352,47,0,0
BRDA:352,47,1,0
BRDA:358,48,0,0
BRDA:358,48,1,0
BRDA:369,49,0,0
BRDA:375,50,0,0
BRDA:380,51,0,0
BRDA:386,52,0,0
BRDA:386,52,1,0
BRDA:389,53,0,0
BRDA:389,53,1,0
BRDA:389,53,2,0
BRDA:398,54,0,0
BRDA:403,55,0,0
BRDA:403,55,1,0
BRF:94
BRH:0
end_of_record
TN:
SF:src\app\(main)\admin-dashboard\settings\components\ConfirmationDialog.jsx
FN:31,(anonymous_1)
FN:45,(anonymous_2)
FN:48,(anonymous_3)
FN:55,(anonymous_4)
FN:66,(anonymous_5)
FN:76,(anonymous_6)
FN:94,(anonymous_7)
FN:97,(anonymous_8)
FNF:8
FNH:0
FNDA:0,(anonymous_1)
FNDA:0,(anonymous_2)
FNDA:0,(anonymous_3)
FNDA:0,(anonymous_4)
FNDA:0,(anonymous_5)
FNDA:0,(anonymous_6)
FNDA:0,(anonymous_7)
FNDA:0,(anonymous_8)
DA:17,0
DA:18,0
DA:19,0
DA:27,0
DA:28,0
DA:29,0
DA:31,0
DA:42,0
DA:45,0
DA:46,0
DA:48,0
DA:49,0
DA:55,0
DA:56,0
DA:57,0
DA:58,0
DA:59,0
DA:60,0
DA:61,0
DA:66,0
DA:67,0
DA:68,0
DA:69,0
DA:70,0
DA:72,0
DA:76,0
DA:77,0
DA:79,0
DA:81,0
DA:83,0
DA:85,0
DA:87,0
DA:89,0
DA:94,0
DA:95,0
DA:97,0
DA:101,0
DA:203,0
DA:205,0
LF:39
LH:0
BRDA:36,0,0,0
BRDA:37,1,0,0
BRDA:38,2,0,0
BRDA:39,3,0,0
BRDA:40,4,0,0
BRDA:46,5,0,0
BRDA:46,6,0,0
BRDA:46,6,1,0
BRDA:56,7,0,0
BRDA:56,7,1,0
BRDA:56,8,0,0
BRDA:56,8,1,0
BRDA:59,9,0,0
BRDA:59,10,0,0
BRDA:59,10,1,0
BRDA:67,11,0,0
BRDA:69,12,0,0
BRDA:77,13,0,0
BRDA:77,13,1,0
BRDA:77,13,2,0
BRDA:77,13,3,0
BRDA:77,13,4,0
BRDA:77,13,5,0
BRDA:101,14,0,0
BRDA:104,15,0,0
BRDA:104,15,1,0
BRDA:126,16,0,0
BRDA:126,16,1,0
BRDA:144,17,0,0
BRDA:186,18,0,0
BRF:30
BRH:0
end_of_record
TN:
SF:src\app\(main)\admin-dashboard\settings\components\EditUserModal.jsx
FN:45,(anonymous_1)
FN:69,(anonymous_2)
FN:84,(anonymous_3)
FN:94,(anonymous_4)
FN:112,(anonymous_5)
FN:115,(anonymous_6)
FN:120,(anonymous_7)
FN:121,(anonymous_8)
FN:125,(anonymous_9)
FN:135,(anonymous_10)
FN:144,(anonymous_11)
FN:171,(anonymous_12)
FN:204,(anonymous_13)
FN:221,(anonymous_15)
FN:224,(anonymous_16)
FN:299,(anonymous_17)
FN:319,(anonymous_18)
FN:333,(anonymous_19)
FN:352,(anonymous_20)
FNF:19
FNH:0
FNDA:0,(anonymous_1)
FNDA:0,(anonymous_2)
FNDA:0,(anonymous_3)
FNDA:0,(anonymous_4)
FNDA:0,(anonymous_5)
FNDA:0,(anonymous_6)
FNDA:0,(anonymous_7)
FNDA:0,(anonymous_8)
FNDA:0,(anonymous_9)
FNDA:0,(anonymous_10)
FNDA:0,(anonymous_11)
FNDA:0,(anonymous_12)
FNDA:0,(anonymous_13)
FNDA:0,(anonymous_15)
FNDA:0,(anonymous_16)
FNDA:0,(anonymous_17)
FNDA:0,(anonymous_18)
FNDA:0,(anonymous_19)
FNDA:0,(anonymous_20)
DA:17,0
DA:18,0
DA:19,0
DA:27,0
DA:28,0
DA:29,0
DA:30,0
DA:39,0
DA:40,0
DA:43,0
DA:45,0
DA:52,0
DA:55,0
DA:63,0
DA:66,0
DA:69,0
DA:70,0
DA:71,0
DA:77,0
DA:78,0
DA:79,0
DA:84,0
DA:85,0
DA:86,0
DA:87,0
DA:88,0
DA:90,0
DA:94,0
DA:95,0
DA:97,0
DA:99,0
DA:101,0
DA:103,0
DA:105,0
DA:107,0
DA:112,0
DA:113,0
DA:115,0
DA:120,0
DA:121,0
DA:122,0
DA:125,0
DA:126,0
DA:128,0
DA:130,0
DA:134,0
DA:135,0
DA:136,0
DA:137,0
DA:138,0
DA:144,0
DA:145,0
DA:148,0
DA:149,0
DA:150,0
DA:151,0
DA:155,0
DA:156,0
DA:157,0
DA:158,0
DA:162,0
DA:163,0
DA:166,0
DA:167,0
DA:171,0
DA:172,0
DA:174,0
DA:175,0
DA:180,0
DA:183,0
DA:184,0
DA:186,0
DA:192,0
DA:194,0
DA:195,0
DA:204,0
DA:205,0
DA:206,0
DA:207,0
DA:210,0
DA:221,0
DA:225,0
DA:236,0
DA:299,0
DA:319,0
DA:333,0
DA:352,0
DA:408,0
DA:410,0
LF:89
LH:0
BRDA:50,0,0,0
BRDA:70,1,0,0
BRDA:72,2,0,0
BRDA:72,2,1,0
BRDA:73,3,0,0
BRDA:73,3,1,0
BRDA:74,4,0,0
BRDA:74,4,1,0
BRDA:75,5,0,0
BRDA:75,5,1,0
BRDA:85,6,0,0
BRDA:87,7,0,0
BRDA:95,8,0,0
BRDA:95,8,1,0
BRDA:95,8,2,0
BRDA:95,8,3,0
BRDA:95,8,4,0
BRDA:95,8,5,0
BRDA:126,9,0,0
BRDA:126,9,1,0
BRDA:134,10,0,0
BRDA:148,11,0,0
BRDA:148,11,1,0
BRDA:150,12,0,0
BRDA:155,13,0,0
BRDA:155,13,1,0
BRDA:157,14,0,0
BRDA:162,15,0,0
BRDA:174,16,0,0
BRDA:197,17,0,0
BRDA:197,17,1,0
BRDA:205,18,0,0
BRDA:205,18,1,0
BRDA:205,19,0,0
BRDA:205,19,1,0
BRDA:206,20,0,0
BRDA:218,21,0,0
BRDA:218,21,1,0
BRDA:236,22,0,0
BRDA:239,23,0,0
BRDA:239,23,1,0
BRDA:257,24,0,0
BRDA:257,24,1,0
BRDA:275,25,0,0
BRDA:297,26,0,0
BRDA:297,26,1,0
BRDA:303,27,0,0
BRDA:317,28,0,0
BRDA:317,28,1,0
BRDA:323,29,0,0
BRDA:338,30,0,0
BRDA:358,31,0,0
BRDA:358,31,1,0
BRDA:387,32,0,0
BRDA:387,32,1,0
BRDA:391,33,0,0
BRF:56
BRH:0
end_of_record
TN:
SF:src\app\(main)\admin-dashboard\settings\components\EditableCell.jsx
FN:24,(anonymous_1)
FN:44,(anonymous_2)
FN:50,(anonymous_3)
FN:60,(anonymous_4)
FN:66,(anonymous_5)
FN:75,(anonymous_6)
FN:82,(anonymous_7)
FN:104,(anonymous_8)
FN:106,(anonymous_9)
FN:116,(anonymous_10)
FN:134,(anonymous_11)
FN:140,(anonymous_12)
FN:155,(anonymous_13)
FN:161,(anonymous_14)
FN:165,(anonymous_15)
FN:175,(anonymous_16)
FN:217,(anonymous_17)
FNF:17
FNH:0
FNDA:0,(anonymous_1)
FNDA:0,(anonymous_2)
FNDA:0,(anonymous_3)
FNDA:0,(anonymous_4)
FNDA:0,(anonymous_5)
FNDA:0,(anonymous_6)
FNDA:0,(anonymous_7)
FNDA:0,(anonymous_8)
FNDA:0,(anonymous_9)
FNDA:0,(anonymous_10)
FNDA:0,(anonymous_11)
FNDA:0,(anonymous_12)
FNDA:0,(anonymous_13)
FNDA:0,(anonymous_14)
FNDA:0,(anonymous_15)
FNDA:0,(anonymous_16)
FNDA:0,(anonymous_17)
DA:17,0
DA:18,0
DA:19,0
DA:20,0
DA:21,0
DA:22,0
DA:24,0
DA:39,0
DA:40,0
DA:41,0
DA:44,0
DA:45,0
DA:46,0
DA:50,0
DA:51,0
DA:52,0
DA:53,0
DA:54,0
DA:60,0
DA:61,0
DA:62,0
DA:66,0
DA:67,0
DA:68,0
DA:70,0
DA:75,0
DA:76,0
DA:77,0
DA:78,0
DA:82,0
DA:83,0
DA:85,0
DA:86,0
DA:87,0
DA:89,0
DA:90,0
DA:91,0
DA:94,0
DA:95,0
DA:97,0
DA:99,0
DA:104,0
DA:106,0
DA:107,0
DA:108,0
DA:110,0
DA:116,0
DA:117,0
DA:119,0
DA:121,0
DA:123,0
DA:125,0
DA:127,0
DA:129,0
DA:134,0
DA:135,0
DA:137,0
DA:138,0
DA:140,0
DA:144,0
DA:148,0
DA:155,0
DA:162,0
DA:165,0
DA:175,0
DA:217,0
DA:241,0
LF:67
LH:0
BRDA:28,0,0,0
BRDA:34,1,0,0
BRDA:35,2,0,0
BRDA:36,3,0,0
BRDA:37,4,0,0
BRDA:51,5,0,0
BRDA:51,6,0,0
BRDA:51,6,1,0
BRDA:53,7,0,0
BRDA:53,8,0,0
BRDA:53,8,1,0
BRDA:67,9,0,0
BRDA:67,9,1,0
BRDA:67,10,0,0
BRDA:67,10,1,0
BRDA:83,11,0,0
BRDA:83,11,1,0
BRDA:83,11,2,0
BRDA:94,12,0,0
BRDA:94,12,1,0
BRDA:107,13,0,0
BRDA:107,13,1,0
BRDA:117,14,0,0
BRDA:117,14,1,0
BRDA:117,14,2,0
BRDA:117,14,3,0
BRDA:117,14,4,0
BRDA:117,14,5,0
BRDA:135,15,0,0
BRDA:137,16,0,0
BRDA:148,17,0,0
BRDA:152,18,0,0
BRDA:151,19,0,0
BRDA:151,19,1,0
BRDA:192,20,0,0
BRDA:192,20,1,0
BRDA:215,21,0,0
BRDA:215,21,1,0
BRDA:217,22,0,0
BRDA:217,22,1,0
BRDA:218,23,0,0
BRDA:218,23,1,0
BRDA:222,24,0,0
BRDA:232,25,0,0
BRF:44
BRH:0
end_of_record
TN:
SF:src\app\(main)\admin-dashboard\settings\components\UserTable.jsx
FN:26,(anonymous_1)
FN:34,(anonymous_2)
FN:44,(anonymous_3)
FN:47,(anonymous_4)
FN:52,(anonymous_5)
FN:53,(anonymous_6)
FN:84,(anonymous_7)
FN:136,(anonymous_8)
FN:196,(anonymous_9)
FN:206,(anonymous_10)
FNF:10
FNH:0
FNDA:0,(anonymous_1)
FNDA:0,(anonymous_2)
FNDA:0,(anonymous_3)
FNDA:0,(anonymous_4)
FNDA:0,(anonymous_5)
FNDA:0,(anonymous_6)
FNDA:0,(anonymous_7)
FNDA:0,(anonymous_8)
FNDA:0,(anonymous_9)
FNDA:0,(anonymous_10)
DA:19,0
DA:20,0
DA:21,0
DA:22,0
DA:23,0
DA:24,0
DA:26,0
DA:34,0
DA:35,0
DA:36,0
DA:37,0
DA:38,0
DA:40,0
DA:44,0
DA:45,0
DA:47,0
DA:52,0
DA:53,0
DA:54,0
DA:84,0
DA:137,0
DA:196,0
DA:206,0
DA:227,0
DA:229,0
LF:25
LH:0
BRDA:31,0,0,0
BRDA:35,1,0,0
BRDA:37,2,0,0
BRDA:133,3,0,0
BRDA:133,3,1,0
BRDA:135,4,0,0
BRDA:135,4,1,0
BRDA:145,5,0,0
BRDA:145,5,1,0
BRDA:179,6,0,0
BRDA:179,6,1,0
BRF:11
BRH:0
end_of_record
TN:
SF:src\app\(main)\admin-dashboard\settings\hooks\useWhitelist.js
FN:30,(anonymous_4)
FN:79,(anonymous_5)
FN:98,(anonymous_6)
FN:130,(anonymous_7)
FN:139,(anonymous_8)
FN:145,(anonymous_9)
FN:154,(anonymous_10)
FN:159,(anonymous_11)
FN:176,(anonymous_12)
FN:183,(anonymous_13)
FN:202,(anonymous_14)
FN:223,(anonymous_15)
FN:226,(anonymous_16)
FN:232,(anonymous_17)
FN:242,(anonymous_18)
FN:256,(anonymous_19)
FN:257,(anonymous_20)
FN:272,(anonymous_21)
FN:308,(anonymous_22)
FN:324,(anonymous_23)
FN:352,(anonymous_24)
FN:364,(anonymous_25)
FN:367,(anonymous_26)
FN:375,(anonymous_27)
FN:375,(anonymous_28)
FN:404,(anonymous_29)
FN:416,(anonymous_30)
FN:429,(anonymous_31)
FN:442,(anonymous_32)
FN:457,(anonymous_33)
FN:457,(anonymous_34)
FN:487,(anonymous_35)
FN:496,(anonymous_36)
FN:497,(anonymous_37)
FN:506,(anonymous_38)
FN:525,(anonymous_39)
FNF:36
FNH:0
FNDA:0,(anonymous_4)
FNDA:0,(anonymous_5)
FNDA:0,(anonymous_6)
FNDA:0,(anonymous_7)
FNDA:0,(anonymous_8)
FNDA:0,(anonymous_9)
FNDA:0,(anonymous_10)
FNDA:0,(anonymous_11)
FNDA:0,(anonymous_12)
FNDA:0,(anonymous_13)
FNDA:0,(anonymous_14)
FNDA:0,(anonymous_15)
FNDA:0,(anonymous_16)
FNDA:0,(anonymous_17)
FNDA:0,(anonymous_18)
FNDA:0,(anonymous_19)
FNDA:0,(anonymous_20)
FNDA:0,(anonymous_21)
FNDA:0,(anonymous_22)
FNDA:0,(anonymous_23)
FNDA:0,(anonymous_24)
FNDA:0,(anonymous_25)
FNDA:0,(anonymous_26)
FNDA:0,(anonymous_27)
FNDA:0,(anonymous_28)
FNDA:0,(anonymous_29)
FNDA:0,(anonymous_30)
FNDA:0,(anonymous_31)
FNDA:0,(anonymous_32)
FNDA:0,(anonymous_33)
FNDA:0,(anonymous_34)
FNDA:0,(anonymous_35)
FNDA:0,(anonymous_36)
FNDA:0,(anonymous_37)
FNDA:0,(anonymous_38)
FNDA:0,(anonymous_39)
DA:17,0
DA:18,0
DA:19,0
DA:22,0
DA:30,0
DA:31,0
DA:34,0
DA:35,0
DA:36,0
DA:37,0
DA:40,0
DA:41,0
DA:42,0
DA:45,0
DA:51,0
DA:52,0
DA:53,0
DA:56,0
DA:57,0
DA:58,0
DA:61,0
DA:68,0
DA:74,0
DA:79,0
DA:80,0
DA:81,0
DA:82,0
DA:84,0
DA:86,0
DA:88,0
DA:90,0
DA:98,0
DA:109,0
DA:110,0
DA:113,0
DA:114,0
DA:116,0
DA:122,0
DA:123,0
DA:130,0
DA:131,0
DA:132,0
DA:139,0
DA:140,0
DA:143,0
DA:144,0
DA:145,0
DA:146,0
DA:153,0
DA:154,0
DA:158,0
DA:159,0
DA:160,0
DA:161,0
DA:163,0
DA:164,0
DA:166,0
DA:170,0
DA:176,0
DA:177,0
DA:179,0
DA:180,0
DA:181,0
DA:182,0
DA:183,0
DA:184,0
DA:187,0
DA:188,0
DA:191,0
DA:192,0
DA:195,0
DA:196,0
DA:202,0
DA:203,0
DA:204,0
DA:205,0
DA:206,0
DA:208,0
DA:209,0
DA:212,0
DA:213,0
DA:214,0
DA:215,0
DA:218,0
DA:219,0
DA:223,0
DA:226,0
DA:227,0
DA:228,0
DA:229,0
DA:232,0
DA:233,0
DA:234,0
DA:235,0
DA:236,0
DA:237,0
DA:242,0
DA:244,0
DA:256,0
DA:257,0
DA:259,0
DA:260,0
DA:261,0
DA:262,0
DA:264,0
DA:265,0
DA:272,0
DA:273,0
DA:275,0
DA:276,0
DA:279,0
DA:280,0
DA:281,0
DA:283,0
DA:294,0
DA:297,0
DA:308,0
DA:311,0
DA:317,0
DA:318,0
DA:319,0
DA:320,0
DA:321,0
DA:324,0
DA:326,0
DA:335,0
DA:338,0
DA:339,0
DA:345,0
DA:352,0
DA:353,0
DA:354,0
DA:364,0
DA:365,0
DA:367,0
DA:369,0
DA:370,0
DA:372,0
DA:375,0
DA:377,0
DA:383,0
DA:386,0
DA:387,0
DA:393,0
DA:404,0
DA:405,0
DA:406,0
DA:416,0
DA:417,0
DA:418,0
DA:429,0
DA:430,0
DA:431,0
DA:442,0
DA:444,0
DA:445,0
DA:446,0
DA:449,0
DA:450,0
DA:451,0
DA:453,0
DA:454,0
DA:457,0
DA:458,0
DA:463,0
DA:469,0
DA:472,0
DA:473,0
DA:479,0
DA:480,0
DA:487,0
DA:488,0
DA:489,0
DA:490,0
DA:496,0
DA:497,0
DA:506,0
DA:507,0
DA:508,0
DA:509,0
DA:510,0
DA:511,0
DA:512,0
DA:513,0
DA:515,0
DA:525,0
DA:526,0
DA:530,0
DA:591,0
LF:189
LH:0
BRDA:79,0,0,0
BRDA:81,1,0,0
BRDA:81,1,1,0
BRDA:103,2,0,0
BRDA:103,2,1,0
BRDA:104,3,0,0
BRDA:104,3,1,0
BRDA:105,4,0,0
BRDA:105,4,1,0
BRDA:114,5,0,0
BRDA:114,5,1,0
BRDA:118,6,0,0
BRDA:118,6,1,0
BRDA:131,7,0,0
BRDA:143,8,0,0
BRDA:146,9,0,0
BRDA:146,9,1,0
BRDA:146,9,2,0
BRDA:146,9,3,0
BRDA:153,10,0,0
BRDA:158,11,0,0
BRDA:163,12,0,0
BRDA:179,13,0,0
BRDA:179,13,1,0
BRDA:181,14,0,0
BRDA:181,14,1,0
BRDA:183,15,0,0
BRDA:187,16,0,0
BRDA:191,17,0,0
BRDA:233,18,0,0
BRDA:259,19,0,0
BRDA:259,19,1,0
BRDA:273,20,0,0
BRDA:275,21,0,0
BRDA:287,22,0,0
BRDA:287,22,1,0
BRDA:289,23,0,0
BRDA:289,23,1,0
BRDA:289,23,2,0
BRDA:302,24,0,0
BRDA:302,24,1,0
BRDA:328,25,0,0
BRDA:328,25,1,0
BRDA:341,26,0,0
BRDA:341,26,1,0
BRDA:365,27,0,0
BRDA:389,28,0,0
BRDA:389,28,1,0
BRDA:444,29,0,0
BRDA:458,30,0,0
BRDA:458,30,1,0
BRDA:475,31,0,0
BRDA:475,31,1,0
BRDA:499,32,0,0
BRDA:499,32,1,0
BRDA:499,33,0,0
BRDA:499,33,1,0
BRF:57
BRH:0
end_of_record
TN:
SF:src\app\(main)\student-dashboard\clientLayout.jsx
FN:14,(anonymous_2)
FN:25,(anonymous_3)
FN:30,(anonymous_4)
FN:35,(anonymous_5)
FN:42,(anonymous_6)
FN:45,(anonymous_7)
FN:50,(anonymous_8)
FN:56,(anonymous_9)
FN:83,ClientLayout
FN:86,(anonymous_12)
FN:91,(anonymous_13)
FNF:11
FNH:0
FNDA:0,(anonymous_2)
FNDA:0,(anonymous_3)
FNDA:0,(anonymous_4)
FNDA:0,(anonymous_5)
FNDA:0,(anonymous_6)
FNDA:0,(anonymous_7)
FNDA:0,(anonymous_8)
FNDA:0,(anonymous_9)
FNDA:0,ClientLayout
FNDA:0,(anonymous_12)
FNDA:0,(anonymous_13)
DA:3,0
DA:4,0
DA:5,0
DA:6,0
DA:7,0
DA:8,0
DA:9,0
DA:11,0
DA:14,0
DA:22,0
DA:25,0
DA:26,0
DA:27,0
DA:28,0
DA:30,0
DA:31,0
DA:35,0
DA:36,0
DA:37,0
DA:42,0
DA:43,0
DA:44,0
DA:45,0
DA:50,0
DA:56,0
DA:72,0
DA:81,0
DA:83,0
DA:84,0
DA:86,0
DA:87,0
DA:91,0
DA:92,0
DA:93,0
DA:94,0
DA:96,0
DA:100,0
LF:37
LH:0
BRDA:36,0,0,0
BRDA:43,1,0,0
BRDA:93,2,0,0
BRDA:100,3,0,0
BRF:4
BRH:0
end_of_record
TN:
SF:src\app\(main)\student-dashboard\error.jsx
FN:9,Error
FN:10,(anonymous_3)
FNF:2
FNH:0
FNDA:0,Error
FNDA:0,(anonymous_3)
DA:3,0
DA:4,0
DA:5,0
DA:6,0
DA:7,0
DA:9,0
DA:10,0
DA:12,0
LF:8
LH:0
BRDA:31,0,0,0
BRDA:35,1,0,0
BRDA:35,1,1,0
BRF:3
BRH:0
end_of_record
TN:
SF:src\app\(main)\student-dashboard\layout.jsx
FN:36,RootLayout
FNF:1
FNH:0
FNDA:0,RootLayout
DA:1,0
DA:2,0
DA:5,0
DA:7,0
DA:30,0
DA:36,0
LF:6
LH:0
BRF:0
BRH:0
end_of_record
TN:
SF:src\app\(main)\student-dashboard\loading.jsx
FN:2,Loading
FN:16,(anonymous_2)
FN:38,(anonymous_3)
FN:55,(anonymous_4)
FNF:4
FNH:0
FNDA:0,Loading
FNDA:0,(anonymous_2)
FNDA:0,(anonymous_3)
FNDA:0,(anonymous_4)
DA:2,0
DA:17,0
DA:39,0
DA:56,0
LF:4
LH:0
BRF:0
BRH:0
end_of_record
TN:
SF:src\app\(main)\student-dashboard\manifest.js
FN:1,manifest
FNF:1
FNH:0
FNDA:0,manifest
DA:1,0
DA:2,0
LF:2
LH:0
BRF:0
BRH:0
end_of_record
TN:
SF:src\app\(main)\student-dashboard\not-found.jsx
FN:8,NotFound
FN:38,(anonymous_3)
FNF:2
FNH:0
FNDA:0,NotFound
FNDA:0,(anonymous_3)
DA:3,0
DA:4,0
DA:5,0
DA:6,0
DA:8,0
DA:38,0
LF:6
LH:0
BRF:0
BRH:0
end_of_record
TN:
SF:src\app\(main)\student-dashboard\page.jsx
FN:13,(anonymous_2)
FN:18,(anonymous_3)
FN:20,(anonymous_4)
FN:23,(anonymous_5)
FN:79,(anonymous_8)
FN:113,DashboardPage
FN:117,(anonymous_10)
FN:122,(anonymous_11)
FN:158,(anonymous_12)
FN:159,(anonymous_13)
FN:174,(anonymous_14)
FN:176,(anonymous_15)
FN:331,(anonymous_16)
FNF:13
FNH:0
FNDA:0,(anonymous_2)
FNDA:0,(anonymous_3)
FNDA:0,(anonymous_4)
FNDA:0,(anonymous_5)
FNDA:0,(anonymous_8)
FNDA:0,DashboardPage
FNDA:0,(anonymous_10)
FNDA:0,(anonymous_11)
FNDA:0,(anonymous_12)
FNDA:0,(anonymous_13)
FNDA:0,(anonymous_14)
FNDA:0,(anonymous_15)
FNDA:0,(anonymous_16)
DA:3,0
DA:4,0
DA:5,0
DA:6,0
DA:7,0
DA:8,0
DA:9,0
DA:10,0
DA:13,0
DA:14,0
DA:15,0
DA:16,0
DA:18,0
DA:19,0
DA:20,0
DA:21,0
DA:22,0
DA:23,0
DA:27,0
DA:40,0
DA:61,0
DA:76,0
DA:79,0
DA:111,0
DA:113,0
DA:114,0
DA:117,0
DA:122,0
DA:158,0
DA:159,0
DA:160,0
DA:163,0
DA:164,0
DA:166,0
DA:174,0
DA:175,0
DA:176,0
DA:332,0
LF:38
LH:0
BRDA:27,0,0,0
BRDA:31,1,0,0
BRDA:31,1,1,0
BRDA:31,2,0,0
BRDA:31,2,1,0
BRDA:32,3,0,0
BRDA:32,3,1,0
BRDA:32,4,0,0
BRDA:32,4,1,0
BRDA:33,5,0,0
BRDA:33,5,1,0
BRDA:33,6,0,0
BRDA:33,6,1,0
BRDA:93,7,0,0
BRDA:93,7,1,0
BRDA:93,8,0,0
BRDA:93,8,1,0
BRDA:94,9,0,0
BRDA:94,9,1,0
BRDA:96,10,0,0
BRDA:96,10,1,0
BRDA:160,11,0,0
BRDA:160,11,1,0
BRDA:160,11,2,0
BRDA:175,12,0,0
BRDA:331,13,0,0
BRDA:340,14,0,0
BRDA:340,14,1,0
BRF:28
BRH:0
end_of_record
TN:
SF:src\app\(main)\student-dashboard\drafts\page.jsx
FN:22,DraftsPageLoading
FN:31,(anonymous_4)
FN:40,DraftsContent
FN:49,(anonymous_6)
FN:76,(anonymous_7)
FN:81,(anonymous_8)
FN:82,(anonymous_9)
FN:88,(anonymous_10)
FN:92,(anonymous_11)
FN:94,(anonymous_12)
FN:97,(anonymous_13)
FN:109,(anonymous_14)
FN:120,(anonymous_15)
FN:131,(anonymous_16)
FN:132,(anonymous_17)
FN:136,(anonymous_18)
FN:169,(anonymous_19)
FN:213,(anonymous_20)
FN:222,(anonymous_21)
FN:244,(anonymous_22)
FN:265,(anonymous_23)
FN:272,(anonymous_24)
FN:284,DraftsPage
FNF:23
FNH:0
FNDA:0,DraftsPageLoading
FNDA:0,(anonymous_4)
FNDA:0,DraftsContent
FNDA:0,(anonymous_6)
FNDA:0,(anonymous_7)
FNDA:0,(anonymous_8)
FNDA:0,(anonymous_9)
FNDA:0,(anonymous_10)
FNDA:0,(anonymous_11)
FNDA:0,(anonymous_12)
FNDA:0,(anonymous_13)
FNDA:0,(anonymous_14)
FNDA:0,(anonymous_15)
FNDA:0,(anonymous_16)
FNDA:0,(anonymous_17)
FNDA:0,(anonymous_18)
FNDA:0,(anonymous_19)
FNDA:0,(anonymous_20)
FNDA:0,(anonymous_21)
FNDA:0,(anonymous_22)
FNDA:0,(anonymous_23)
FNDA:0,(anonymous_24)
FNDA:0,DraftsPage
DA:3,0
DA:4,0
DA:5,0
DA:13,0
DA:14,0
DA:15,0
DA:16,0
DA:19,0
DA:32,0
DA:41,0
DA:42,0
DA:43,0
DA:44,0
DA:45,0
DA:46,0
DA:49,0
DA:50,0
DA:51,0
DA:52,0
DA:54,0
DA:55,0
DA:56,0
DA:57,0
DA:58,0
DA:61,0
DA:62,0
DA:63,0
DA:65,0
DA:66,0
DA:68,0
DA:69,0
DA:71,0
DA:76,0
DA:77,0
DA:81,0
DA:82,0
DA:83,0
DA:84,0
DA:87,0
DA:88,0
DA:92,0
DA:93,0
DA:94,0
DA:97,0
DA:98,0
DA:99,0
DA:109,0
DA:110,0
DA:117,0
DA:120,0
DA:122,0
DA:128,0
DA:131,0
DA:132,0
DA:133,0
DA:136,0
DA:137,0
DA:138,0
DA:170,0
DA:213,0
DA:222,0
DA:244,0
DA:265,0
DA:272,0
DA:284,0
LF:65
LH:0
BRDA:52,0,0,0
BRDA:52,0,1,0
BRDA:54,1,0,0
BRDA:54,1,1,0
BRDA:55,2,0,0
BRDA:62,3,0,0
BRDA:65,4,0,0
BRDA:83,5,0,0
BRDA:117,6,0,0
BRDA:117,6,1,0
BRDA:150,7,0,0
BRDA:152,8,0,0
BRDA:158,9,0,0
BRDA:272,10,0,0
BRDA:272,10,1,0
BRF:15
BRH:0
end_of_record
TN:
SF:src\app\(main)\student-dashboard\events\EventsPageContent.jsx
FN:14,EventsPageContent
FN:74,(anonymous_3)
FN:164,(anonymous_5)
FN:174,(anonymous_6)
FN:230,(anonymous_7)
FN:274,(anonymous_8)
FN:303,(anonymous_9)
FNF:7
FNH:0
FNDA:0,EventsPageContent
FNDA:0,(anonymous_3)
FNDA:0,(anonymous_5)
FNDA:0,(anonymous_6)
FNDA:0,(anonymous_7)
FNDA:0,(anonymous_8)
FNDA:0,(anonymous_9)
DA:3,0
DA:4,0
DA:5,0
DA:6,0
DA:7,0
DA:8,0
DA:9,0
DA:10,0
DA:11,0
DA:12,0
DA:14,0
DA:15,0
DA:16,0
DA:17,0
DA:20,0
DA:74,0
DA:76,0
DA:80,0
DA:82,0
DA:164,0
DA:174,0
DA:230,0
DA:275,0
DA:304,0
LF:24
LH:0
BRDA:76,0,0,0
BRDA:76,0,1,0
BRDA:76,0,2,0
BRDA:80,1,0,0
BRDA:80,1,1,0
BRDA:82,2,0,0
BRDA:82,2,1,0
BRDA:98,3,0,0
BRDA:98,3,1,0
BRDA:100,4,0,0
BRDA:100,4,1,0
BRDA:102,5,0,0
BRDA:102,5,1,0
BRDA:110,6,0,0
BRDA:110,6,1,0
BRDA:112,7,0,0
BRDA:112,7,1,0
BRDA:114,8,0,0
BRDA:114,8,1,0
BRDA:163,9,0,0
BRDA:163,9,1,0
BRDA:165,10,0,0
BRDA:165,10,1,0
BRDA:173,11,0,0
BRDA:173,11,1,0
BRDA:175,12,0,0
BRDA:175,12,1,0
BRDA:265,13,0,0
BRDA:269,14,0,0
BRDA:296,15,0,0
BRDA:296,15,1,0
BRDA:312,16,0,0
BRDA:312,16,1,0
BRDA:314,17,0,0
BRDA:314,17,1,0
BRDA:316,18,0,0
BRDA:316,18,1,0
BRDA:332,19,0,0
BRDA:332,19,1,0
BRDA:334,20,0,0
BRDA:334,20,1,0
BRDA:336,21,0,0
BRDA:336,21,1,0
BRF:43
BRH:0
end_of_record
TN:
SF:src\app\(main)\student-dashboard\events\loading.jsx
FN:1,Loading
FNF:1
FNH:0
FNDA:0,Loading
DA:1,0
DA:2,0
LF:2
LH:0
BRF:0
BRH:0
end_of_record
TN:
SF:src\app\(main)\student-dashboard\events\page.jsx
FN:14,(anonymous_4)
FN:14,(anonymous_5)
FN:14,(anonymous_6)
FN:15,(anonymous_7)
FN:15,(anonymous_8)
FN:15,(anonymous_9)
FN:30,(anonymous_11)
FN:51,(anonymous_12)
FN:61,(anonymous_13)
FN:111,(anonymous_14)
FN:182,EventsPage
FNF:11
FNH:0
FNDA:0,(anonymous_4)
FNDA:0,(anonymous_5)
FNDA:0,(anonymous_6)
FNDA:0,(anonymous_7)
FNDA:0,(anonymous_8)
FNDA:0,(anonymous_9)
FNDA:0,(anonymous_11)
FNDA:0,(anonymous_12)
FNDA:0,(anonymous_13)
FNDA:0,(anonymous_14)
FNDA:0,EventsPage
DA:3,0
DA:4,0
DA:5,0
DA:6,0
DA:7,0
DA:8,0
DA:9,0
DA:10,0
DA:11,0
DA:14,0
DA:15,0
DA:30,0
DA:31,0
DA:32,0
DA:33,0
DA:34,0
DA:51,0
DA:61,0
DA:111,0
DA:182,0
LF:20
LH:0
BRDA:50,0,0,0
BRDA:50,0,1,0
BRDA:52,1,0,0
BRDA:52,1,1,0
BRDA:60,2,0,0
BRDA:60,2,1,0
BRDA:62,3,0,0
BRDA:62,3,1,0
BRDA:116,4,0,0
BRDA:116,4,1,0
BRDA:148,5,0,0
BRDA:158,6,0,0
BRDA:168,7,0,0
BRF:13
BRH:0
end_of_record
TN:
SF:src\app\(main)\student-dashboard\events\[id]\page.jsx
FN:73,EventDetailPage
FN:79,(anonymous_4)
FN:87,(anonymous_5)
FN:96,(anonymous_6)
FN:109,(anonymous_7)
FN:209,(anonymous_8)
FNF:6
FNH:0
FNDA:0,EventDetailPage
FNDA:0,(anonymous_4)
FNDA:0,(anonymous_5)
FNDA:0,(anonymous_6)
FNDA:0,(anonymous_7)
FNDA:0,(anonymous_8)
DA:4,0
DA:6,0
DA:7,0
DA:8,0
DA:9,0
DA:10,0
DA:11,0
DA:12,0
DA:13,0
DA:16,0
DA:73,0
DA:74,0
DA:75,0
DA:76,0
DA:79,0
DA:82,0
DA:87,0
DA:96,0
DA:109,0
DA:210,0
LF:20
LH:0
BRDA:82,0,0,0
BRDA:123,1,0,0
BRDA:123,1,1,0
BRDA:125,2,0,0
BRDA:125,2,1,0
BRDA:127,3,0,0
BRDA:127,3,1,0
BRDA:129,4,0,0
BRDA:129,4,1,0
BRDA:142,5,0,0
BRDA:142,5,1,0
BRDA:147,6,0,0
BRDA:147,6,1,0
BRDA:218,7,0,0
BRDA:247,8,0,0
BRDA:247,8,1,0
BRDA:275,9,0,0
BRF:17
BRH:0
end_of_record
TN:
SF:src\app\(main)\student-dashboard\hooks\use-mobile.jsx
FN:7,useIsMobile
FN:10,(anonymous_5)
FN:12,(anonymous_6)
FN:17,(anonymous_7)
FNF:4
FNH:0
FNDA:0,useIsMobile
FNDA:0,(anonymous_5)
FNDA:0,(anonymous_6)
FNDA:0,(anonymous_7)
DA:3,0
DA:5,0
DA:7,0
DA:8,0
DA:10,0
DA:11,0
DA:12,0
DA:13,0
DA:15,0
DA:16,0
DA:17,0
DA:20,0
LF:12
LH:0
BRF:0
BRH:0
end_of_record
TN:
SF:src\app\(main)\student-dashboard\hooks\useAutoSave.js
FN:12,(anonymous_1)
FN:19,(anonymous_2)
FN:25,(anonymous_3)
FN:54,(anonymous_4)
FN:68,(anonymous_5)
FN:78,(anonymous_6)
FN:85,(anonymous_7)
FN:90,(anonymous_8)
FNF:8
FNH:0
FNDA:0,(anonymous_1)
FNDA:0,(anonymous_2)
FNDA:0,(anonymous_3)
FNDA:0,(anonymous_4)
FNDA:0,(anonymous_5)
FNDA:0,(anonymous_6)
FNDA:0,(anonymous_7)
FNDA:0,(anonymous_8)
DA:3,0
DA:12,0
DA:13,0
DA:14,0
DA:15,0
DA:16,0
DA:19,0
DA:20,0
DA:21,0
DA:22,0
DA:25,0
DA:27,0
DA:28,0
DA:32,0
DA:33,0
DA:34,0
DA:38,0
DA:39,0
DA:42,0
DA:43,0
DA:44,0
DA:45,0
DA:47,0
DA:48,0
DA:49,0
DA:54,0
DA:55,0
DA:56,0
DA:57,0
DA:58,0
DA:60,0
DA:62,0
DA:63,0
DA:68,0
DA:69,0
DA:70,0
DA:71,0
DA:73,0
DA:78,0
DA:80,0
DA:81,0
DA:85,0
DA:86,0
DA:90,0
DA:91,0
DA:92,0
DA:97,0
DA:107,0
LF:48
LH:0
BRDA:12,0,0,0
BRDA:12,1,0,0
BRDA:27,2,0,0
BRDA:27,3,0,0
BRDA:27,3,1,0
BRDA:32,4,0,0
BRDA:57,5,0,0
BRDA:80,6,0,0
BRDA:91,7,0,0
BRF:9
BRH:0
end_of_record
TN:
SF:src\app\(main)\student-dashboard\hooks\useFormValidation.js
FN:11,(anonymous_1)
FN:11,(anonymous_2)
FN:19,(anonymous_3)
FN:23,(anonymous_4)
FN:30,(anonymous_5)
FN:41,(anonymous_6)
FN:42,(anonymous_7)
FN:49,(anonymous_8)
FN:60,(anonymous_9)
FN:63,(anonymous_10)
FN:71,(anonymous_11)
FN:81,(anonymous_12)
FN:89,(anonymous_13)
FN:89,(anonymous_14)
FN:94,(anonymous_15)
FN:117,(anonymous_16)
FNF:16
FNH:0
FNDA:0,(anonymous_1)
FNDA:0,(anonymous_2)
FNDA:0,(anonymous_3)
FNDA:0,(anonymous_4)
FNDA:0,(anonymous_5)
FNDA:0,(anonymous_6)
FNDA:0,(anonymous_7)
FNDA:0,(anonymous_8)
FNDA:0,(anonymous_9)
FNDA:0,(anonymous_10)
FNDA:0,(anonymous_11)
FNDA:0,(anonymous_12)
FNDA:0,(anonymous_13)
FNDA:0,(anonymous_14)
FNDA:0,(anonymous_15)
FNDA:0,(anonymous_16)
DA:3,0
DA:11,0
DA:12,0
DA:13,0
DA:14,0
DA:15,0
DA:18,0
DA:20,0
DA:21,0
DA:23,0
DA:29,0
DA:30,0
DA:40,0
DA:42,0
DA:48,0
DA:49,0
DA:59,0
DA:61,0
DA:63,0
DA:69,0
DA:70,0
DA:71,0
DA:81,0
DA:82,0
DA:83,0
DA:84,0
DA:88,0
DA:89,0
DA:90,0
DA:91,0
DA:94,0
DA:95,0
DA:96,0
DA:98,0
DA:100,0
DA:102,0
DA:103,0
DA:104,0
DA:106,0
DA:110,0
DA:116,0
DA:118,0
DA:119,0
DA:120,0
DA:121,0
DA:126,0
DA:143,0
LF:47
LH:0
BRDA:11,0,0,0
BRDA:11,1,0,0
BRDA:21,2,0,0
BRDA:21,2,1,0
BRDA:29,3,0,0
BRDA:48,4,0,0
BRDA:70,5,0,0
BRDA:102,6,0,0
BRDA:117,7,0,0
BRF:9
BRH:0
end_of_record
TN:
SF:src\app\(main)\student-dashboard\notifications\NotificationsPageContent.jsx
FN:26,NotificationsPageContent
FN:33,(anonymous_2)
FN:35,(anonymous_3)
FN:42,(anonymous_4)
FN:43,(anonymous_5)
FN:46,(anonymous_6)
FN:50,(anonymous_7)
FN:56,(anonymous_8)
FN:69,(anonymous_9)
FN:79,(anonymous_10)
FN:109,(anonymous_11)
FN:142,(anonymous_12)
FN:148,(anonymous_13)
FN:176,(anonymous_14)
FN:191,(anonymous_15)
FN:194,(anonymous_16)
FN:236,(anonymous_17)
FN:242,(anonymous_18)
FNF:18
FNH:0
FNDA:0,NotificationsPageContent
FNDA:0,(anonymous_2)
FNDA:0,(anonymous_3)
FNDA:0,(anonymous_4)
FNDA:0,(anonymous_5)
FNDA:0,(anonymous_6)
FNDA:0,(anonymous_7)
FNDA:0,(anonymous_8)
FNDA:0,(anonymous_9)
FNDA:0,(anonymous_10)
FNDA:0,(anonymous_11)
FNDA:0,(anonymous_12)
FNDA:0,(anonymous_13)
FNDA:0,(anonymous_14)
FNDA:0,(anonymous_15)
FNDA:0,(anonymous_16)
FNDA:0,(anonymous_17)
FNDA:0,(anonymous_18)
DA:3,0
DA:4,0
DA:5,0
DA:6,0
DA:7,0
DA:8,0
DA:9,0
DA:10,0
DA:18,0
DA:19,0
DA:22,0
DA:26,0
DA:27,0
DA:28,0
DA:29,0
DA:30,0
DA:31,0
DA:33,0
DA:34,0
DA:35,0
DA:42,0
DA:43,0
DA:46,0
DA:47,0
DA:50,0
DA:52,0
DA:56,0
DA:58,0
DA:62,0
DA:63,0
DA:65,0
DA:69,0
DA:70,0
DA:71,0
DA:72,0
DA:74,0
DA:75,0
DA:79,0
DA:80,0
DA:109,0
DA:143,0
DA:149,0
DA:176,0
DA:191,0
DA:194,0
DA:236,0
DA:242,0
LF:47
LH:0
BRDA:43,0,0,0
BRDA:43,0,1,0
BRDA:47,1,0,0
BRDA:47,1,1,0
BRDA:58,2,0,0
BRDA:58,2,1,0
BRDA:58,2,2,0
BRDA:62,3,0,0
BRDA:62,3,1,0
BRDA:63,4,0,0
BRDA:63,4,1,0
BRDA:65,5,0,0
BRDA:65,5,1,0
BRDA:65,5,2,0
BRDA:71,6,0,0
BRDA:142,7,0,0
BRDA:145,8,0,0
BRDA:145,8,1,0
BRDA:151,9,0,0
BRDA:151,9,1,0
BRDA:179,10,0,0
BRDA:203,11,0,0
BRDA:210,12,0,0
BRF:23
BRH:0
end_of_record
TN:
SF:src\app\(main)\student-dashboard\notifications\loading.jsx
FN:1,Loading
FNF:1
FNH:0
FNDA:0,Loading
DA:1,0
DA:2,0
LF:2
LH:0
BRF:0
BRH:0
end_of_record
TN:
SF:src\app\(main)\student-dashboard\notifications\page.jsx
FN:8,NotificationsPage
FNF:1
FNH:0
FNDA:0,NotificationsPage
DA:4,0
DA:6,0
DA:8,0
LF:3
LH:0
BRF:0
BRH:0
end_of_record
TN:
SF:src\app\(main)\student-dashboard\profile\loading.jsx
FN:1,Loading
FNF:1
FNH:0
FNDA:0,Loading
DA:1,0
LF:1
LH:0
BRF:0
BRH:0
end_of_record
TN:
SF:src\app\(main)\student-dashboard\profile\page.jsx
FN:19,ProfileLoadingSkeleton
FN:50,ProfilePageContent
FN:63,(anonymous_5)
FN:64,(anonymous_6)
FN:69,(anonymous_7)
FN:111,(anonymous_8)
FN:124,(anonymous_9)
FN:138,(anonymous_10)
FN:143,(anonymous_11)
FN:173,(anonymous_12)
FN:187,(anonymous_13)
FN:198,(anonymous_14)
FN:229,(anonymous_15)
FN:243,(anonymous_16)
FN:289,(anonymous_17)
FN:328,(anonymous_18)
FN:344,(anonymous_19)
FN:360,(anonymous_20)
FN:405,(anonymous_21)
FN:423,(anonymous_22)
FN:453,ProfilePage
FNF:21
FNH:0
FNDA:0,ProfileLoadingSkeleton
FNDA:0,ProfilePageContent
FNDA:0,(anonymous_5)
FNDA:0,(anonymous_6)
FNDA:0,(anonymous_7)
FNDA:0,(anonymous_8)
FNDA:0,(anonymous_9)
FNDA:0,(anonymous_10)
FNDA:0,(anonymous_11)
FNDA:0,(anonymous_12)
FNDA:0,(anonymous_13)
FNDA:0,(anonymous_14)
FNDA:0,(anonymous_15)
FNDA:0,(anonymous_16)
FNDA:0,(anonymous_17)
FNDA:0,(anonymous_18)
FNDA:0,(anonymous_19)
FNDA:0,(anonymous_20)
FNDA:0,(anonymous_21)
FNDA:0,(anonymous_22)
FNDA:0,ProfilePage
DA:3,0
DA:4,0
DA:5,0
DA:6,0
DA:7,0
DA:8,0
DA:9,0
DA:10,0
DA:11,0
DA:12,0
DA:13,0
DA:16,0
DA:51,0
DA:52,0
DA:53,0
DA:54,0
DA:57,0
DA:58,0
DA:59,0
DA:60,0
DA:61,0
DA:63,0
DA:64,0
DA:65,0
DA:67,0
DA:68,0
DA:69,0
DA:70,0
DA:71,0
DA:73,0
DA:77,0
DA:78,0
DA:81,0
DA:82,0
DA:84,0
DA:89,0
DA:90,0
DA:91,0
DA:92,0
DA:93,0
DA:94,0
DA:96,0
DA:99,0
DA:102,0
DA:103,0
DA:105,0
DA:108,0
DA:111,0
DA:113,0
DA:116,0
DA:118,0
DA:119,0
DA:121,0
DA:124,0
DA:125,0
DA:127,0
DA:128,0
DA:130,0
DA:131,0
DA:132,0
DA:134,0
DA:138,0
DA:139,0
DA:141,0
DA:142,0
DA:143,0
DA:144,0
DA:145,0
DA:147,0
DA:150,0
DA:151,0
DA:154,0
DA:155,0
DA:157,0
DA:164,0
DA:165,0
DA:168,0
DA:170,0
DA:171,0
DA:173,0
DA:177,0
DA:179,0
DA:182,0
DA:183,0
DA:187,0
DA:188,0
DA:189,0
DA:190,0
DA:191,0
DA:194,0
DA:196,0
DA:197,0
DA:198,0
DA:199,0
DA:200,0
DA:202,0
DA:205,0
DA:206,0
DA:209,0
DA:210,0
DA:212,0
DA:219,0
DA:220,0
DA:223,0
DA:225,0
DA:226,0
DA:227,0
DA:229,0
DA:233,0
DA:235,0
DA:238,0
DA:239,0
DA:243,0
DA:244,0
DA:259,0
DA:289,0
DA:328,0
DA:345,0
DA:346,0
DA:360,0
DA:406,0
DA:407,0
DA:408,0
DA:423,0
DA:453,0
LF:125
LH:0
BRDA:68,0,0,0
BRDA:70,1,0,0
BRDA:70,1,1,0
BRDA:73,2,0,0
BRDA:73,2,1,0
BRDA:77,3,0,0
BRDA:77,3,1,0
BRDA:77,3,2,0
BRDA:81,4,0,0
BRDA:84,5,0,0
BRDA:84,5,1,0
BRDA:89,6,0,0
BRDA:89,6,1,0
BRDA:91,7,0,0
BRDA:91,7,1,0
BRDA:91,8,0,0
BRDA:91,8,1,0
BRDA:93,9,0,0
BRDA:93,9,1,0
BRDA:94,10,0,0
BRDA:94,10,1,0
BRDA:118,11,0,0
BRDA:130,12,0,0
BRDA:130,12,1,0
BRDA:142,13,0,0
BRDA:144,14,0,0
BRDA:144,14,1,0
BRDA:147,15,0,0
BRDA:147,15,1,0
BRDA:150,16,0,0
BRDA:150,16,1,0
BRDA:150,16,2,0
BRDA:154,17,0,0
BRDA:157,18,0,0
BRDA:157,18,1,0
BRDA:164,19,0,0
BRDA:170,20,0,0
BRDA:170,20,1,0
BRDA:179,21,0,0
BRDA:179,21,1,0
BRDA:189,22,0,0
BRDA:197,23,0,0
BRDA:199,24,0,0
BRDA:199,24,1,0
BRDA:202,25,0,0
BRDA:202,25,1,0
BRDA:205,26,0,0
BRDA:205,26,1,0
BRDA:205,26,2,0
BRDA:209,27,0,0
BRDA:212,28,0,0
BRDA:212,28,1,0
BRDA:219,29,0,0
BRDA:225,30,0,0
BRDA:225,30,1,0
BRDA:235,31,0,0
BRDA:235,31,1,0
BRDA:259,32,0,0
BRDA:287,33,0,0
BRDA:287,33,1,0
BRDA:289,34,0,0
BRDA:289,34,1,0
BRDA:304,35,0,0
BRDA:304,35,1,0
BRDA:324,36,0,0
BRDA:346,37,0,0
BRDA:346,37,1,0
BRDA:357,38,0,0
BRDA:357,38,1,0
BRDA:372,39,0,0
BRDA:379,40,0,0
BRDA:379,40,1,0
BRDA:382,41,0,0
BRDA:396,42,0,0
BRDA:396,42,1,0
BRDA:407,43,0,0
BRDA:407,43,1,0
BRDA:419,44,0,0
BRDA:419,44,1,0
BRDA:436,45,0,0
BRDA:436,45,1,0
BRF:81
BRH:0
end_of_record
TN:
SF:src\app\(main)\student-dashboard\proposals\page.jsx
FN:15,ProposalsPage
FNF:1
FNH:0
FNDA:0,ProposalsPage
DA:4,0
DA:6,0
DA:7,0
DA:8,0
DA:9,0
DA:10,0
DA:15,0
LF:7
LH:0
BRF:0
BRH:0
end_of_record
TN:
SF:src\app\(main)\student-dashboard\proposals\new\page.jsx
FN:34,NewProposalLoadingSkeleton
FN:69,NewProposalFormContent
FN:88,onSubmit
FN:100,saveDraft
FN:197,(anonymous_10)
FN:256,(anonymous_15)
FN:284,(anonymous_17)
FN:287,(anonymous_18)
FN:318,(anonymous_19)
FN:342,NewProposalPage
FNF:10
FNH:0
FNDA:0,NewProposalLoadingSkeleton
FNDA:0,NewProposalFormContent
FNDA:0,onSubmit
FNDA:0,saveDraft
FNDA:0,(anonymous_10)
FNDA:0,(anonymous_15)
FNDA:0,(anonymous_17)
FNDA:0,(anonymous_18)
FNDA:0,(anonymous_19)
FNDA:0,NewProposalPage
DA:4,0
DA:6,0
DA:7,0
DA:8,0
DA:9,0
DA:10,0
DA:11,0
DA:12,0
DA:13,0
DA:14,0
DA:15,0
DA:16,0
DA:17,0
DA:18,0
DA:19,0
DA:22,0
DA:70,0
DA:71,0
DA:72,0
DA:74,0
DA:89,0
DA:93,0
DA:94,0
DA:101,0
DA:102,0
DA:106,0
DA:107,0
DA:197,0
DA:256,0
DA:284,0
DA:287,0
DA:318,0
DA:342,0
LF:33
LH:0
BRDA:256,0,0,0
BRDA:256,0,1,0
BRF:2
BRH:0
end_of_record
TN:
SF:src\app\(main)\student-dashboard\reports\loading.jsx
FN:1,Loading
FNF:1
FNH:0
FNDA:0,Loading
DA:1,0
LF:1
LH:0
BRF:0
BRH:0
end_of_record
TN:
SF:src\app\(main)\student-dashboard\reports\page.jsx
FN:252,ReportsPage
FN:267,(anonymous_4)
FN:278,(anonymous_5)
FN:295,(anonymous_6)
FN:296,(anonymous_7)
FN:300,(anonymous_8)
FN:302,(anonymous_9)
FN:306,(anonymous_10)
FN:307,(anonymous_11)
FN:312,(anonymous_12)
FN:318,(anonymous_13)
FN:324,(anonymous_14)
FN:380,(anonymous_15)
FN:430,(anonymous_16)
FN:438,(anonymous_17)
FN:448,(anonymous_18)
FN:457,(anonymous_19)
FN:468,(anonymous_20)
FN:530,(anonymous_21)
FN:719,(anonymous_22)
FN:736,(anonymous_23)
FN:834,(anonymous_24)
FN:876,(anonymous_25)
FN:914,(anonymous_26)
FN:931,(anonymous_27)
FN:1015,(anonymous_28)
FN:1024,(anonymous_29)
FNF:27
FNH:0
FNDA:0,ReportsPage
FNDA:0,(anonymous_4)
FNDA:0,(anonymous_5)
FNDA:0,(anonymous_6)
FNDA:0,(anonymous_7)
FNDA:0,(anonymous_8)
FNDA:0,(anonymous_9)
FNDA:0,(anonymous_10)
FNDA:0,(anonymous_11)
FNDA:0,(anonymous_12)
FNDA:0,(anonymous_13)
FNDA:0,(anonymous_14)
FNDA:0,(anonymous_15)
FNDA:0,(anonymous_16)
FNDA:0,(anonymous_17)
FNDA:0,(anonymous_18)
FNDA:0,(anonymous_19)
FNDA:0,(anonymous_20)
FNDA:0,(anonymous_21)
FNDA:0,(anonymous_22)
FNDA:0,(anonymous_23)
FNDA:0,(anonymous_24)
FNDA:0,(anonymous_25)
FNDA:0,(anonymous_26)
FNDA:0,(anonymous_27)
FNDA:0,(anonymous_28)
FNDA:0,(anonymous_29)
DA:4,0
DA:6,0
DA:7,0
DA:8,0
DA:9,0
DA:10,0
DA:11,0
DA:12,0
DA:13,0
DA:14,0
DA:15,0
DA:16,0
DA:17,0
DA:18,0
DA:33,0
DA:36,0
DA:138,0
DA:214,0
DA:252,0
DA:253,0
DA:254,0
DA:255,0
DA:256,0
DA:257,0
DA:258,0
DA:259,0
DA:260,0
DA:261,0
DA:262,0
DA:263,0
DA:264,0
DA:267,0
DA:269,0
DA:271,0
DA:272,0
DA:274,0
DA:278,0
DA:279,0
DA:281,0
DA:282,0
DA:283,0
DA:284,0
DA:285,0
DA:286,0
DA:287,0
DA:288,0
DA:291,0
DA:295,0
DA:296,0
DA:300,0
DA:301,0
DA:302,0
DA:306,0
DA:307,0
DA:308,0
DA:312,0
DA:313,0
DA:314,0
DA:318,0
DA:319,0
DA:320,0
DA:324,0
DA:325,0
DA:326,0
DA:328,0
DA:329,0
DA:380,0
DA:430,0
DA:438,0
DA:448,0
DA:457,0
DA:469,0
DA:530,0
DA:719,0
DA:736,0
DA:835,0
DA:876,0
DA:914,0
DA:931,0
DA:1016,0
DA:1024,0
LF:81
LH:0
BRDA:269,0,0,0
BRDA:269,0,1,0
BRDA:271,1,0,0
BRDA:271,1,1,0
BRDA:272,2,0,0
BRDA:272,2,1,0
BRDA:274,3,0,0
BRDA:274,3,1,0
BRDA:274,3,2,0
BRDA:281,4,0,0
BRDA:281,4,1,0
BRDA:283,5,0,0
BRDA:283,5,1,0
BRDA:285,6,0,0
BRDA:285,6,1,0
BRDA:287,7,0,0
BRDA:291,8,0,0
BRDA:291,8,1,0
BRDA:301,9,0,0
BRDA:308,10,0,0
BRDA:308,10,1,0
BRDA:325,11,0,0
BRDA:325,11,1,0
BRDA:326,12,0,0
BRDA:326,12,1,0
BRDA:468,13,0,0
BRDA:478,14,0,0
BRDA:478,14,1,0
BRDA:483,15,0,0
BRDA:483,15,1,0
BRDA:510,16,0,0
BRDA:510,16,1,0
BRDA:512,17,0,0
BRDA:512,17,1,0
BRDA:711,18,0,0
BRDA:711,18,1,0
BRDA:744,19,0,0
BRDA:744,19,1,0
BRDA:749,20,0,0
BRDA:749,20,1,0
BRDA:846,21,0,0
BRDA:846,21,1,0
BRDA:851,22,0,0
BRDA:851,22,1,0
BRDA:862,23,0,0
BRDA:862,23,1,0
BRDA:864,24,0,0
BRDA:864,24,1,0
BRDA:884,25,0,0
BRDA:906,26,0,0
BRDA:906,26,1,0
BRDA:939,27,0,0
BRDA:939,27,1,0
BRDA:944,28,0,0
BRDA:944,28,1,0
BRDA:977,29,0,0
BRDA:977,29,1,0
BRDA:982,30,0,0
BRDA:982,30,1,0
BRDA:1034,31,0,0
BRDA:1047,32,0,0
BRDA:1079,33,0,0
BRDA:1088,34,0,0
BRDA:1088,34,1,0
BRDA:1103,35,0,0
BRDA:1114,36,0,0
BRF:66
BRH:0
end_of_record
TN:
SF:src\app\(main)\student-dashboard\review\loading.jsx
FN:1,Loading
FNF:1
FNH:0
FNDA:0,Loading
DA:1,0
[...]
BRDA:210,32,3,10
BRDA:215,33,0,3
BRDA:216,34,0,3
BRDA:216,34,1,0
BRDA:218,35,0,0
BRDA:218,35,1,0
BRDA:218,36,0,0
BRDA:218,36,1,0
BRDA:232,37,0,1
BRDA:232,38,0,2
BRDA:234,39,0,3
BRDA:234,40,0,3
BRDA:234,40,1,3
BRDA:234,40,2,3
BRDA:243,41,0,37
BRDA:243,42,0,57
BRDA:243,42,1,57
BRDA:244,43,0,37
BRDA:265,44,0,0
BRDA:266,45,0,5
BRDA:268,46,0,1
BRDA:277,47,0,5
BRDA:277,48,0,5
BRDA:277,48,1,5
BRDA:277,48,2,5
BRDA:292,49,0,33
BRDA:294,50,0,16
BRDA:297,51,0,16
BRDA:297,51,1,17
BRDA:299,52,0,16
BRDA:299,53,0,16
BRDA:299,53,1,16
BRDA:299,53,2,16
BRDA:304,54,0,14
BRDA:304,54,1,2
BRDA:308,55,0,1
BRDA:308,55,1,0
BRDA:308,56,0,1
BRDA:308,56,1,1
BRDA:322,57,0,0
BRDA:329,58,0,1
BRDA:334,59,0,1
BRDA:334,60,0,1
BRDA:334,60,1,1
BRDA:334,60,2,1
BRDA:334,60,3,1
BRDA:345,61,0,33
BRDA:355,62,0,0
BRDA:355,63,0,0
BRDA:355,63,1,0
BRDA:356,64,0,0
BRDA:364,65,0,0
BRDA:364,66,0,0
BRDA:364,66,1,0
BRDA:366,67,0,0
BRDA:366,67,1,0
BRDA:368,68,0,0
BRDA:377,69,0,0
BRDA:377,69,1,0
BRDA:377,70,0,0
BRDA:377,70,1,0
BRDA:386,71,0,0
BRDA:386,72,0,0
BRDA:386,72,1,0
BRDA:391,73,0,0
BRDA:399,74,0,0
BRDA:399,75,0,0
BRDA:399,75,1,0
BRDA:399,75,2,0
BRDA:399,75,3,0
BRDA:399,75,4,0
BRDA:420,76,0,0
BRDA:437,77,0,0
BRDA:437,77,1,0
BRDA:449,78,0,0
BRDA:449,78,1,0
BRDA:449,79,0,0
BRDA:449,79,1,0
BRDA:477,80,0,76
BRDA:483,81,0,76
BRDA:492,82,0,2
BRDA:492,83,0,2
BRDA:496,84,0,1
BRDA:499,85,0,5
BRDA:499,86,0,7
BRDA:499,86,1,6
BRDA:518,87,0,1
BRDA:518,88,0,1
BRDA:518,88,1,1
BRDA:521,89,0,0
BRDA:527,90,0,0
BRDA:527,91,0,0
BRDA:527,91,1,0
BRDA:528,92,0,0
BRDA:528,92,1,0
BRDA:533,93,0,0
BRDA:533,94,0,0
BRDA:533,94,1,0
BRDA:536,95,0,0
BRDA:536,95,1,0
BRDA:552,96,0,0
BRDA:560,97,0,0
BRDA:560,97,1,0
BRDA:577,98,0,0
BRDA:586,99,0,0
BRDA:597,100,0,0
BRDA:597,101,0,0
BRDA:597,101,1,0
BRDA:615,102,0,2
BRDA:619,103,0,1
BRDA:628,104,0,1
BRDA:628,105,0,2
BRDA:628,105,1,2
BRDA:637,106,0,0
BRDA:637,107,0,1
BRDA:637,107,1,0
BRDA:637,107,2,0
BRDA:640,108,0,0
BRDA:640,108,1,0
BRDA:640,109,0,0
BRDA:640,109,1,0
BRDA:665,110,0,0
BRDA:665,111,0,0
BRDA:665,111,1,0
BRDA:668,112,0,0
BRDA:679,113,0,0
BRDA:685,114,0,1
BRDA:685,114,1,0
BRDA:686,115,0,1
BRDA:686,115,1,0
BRDA:686,116,0,1
BRDA:686,116,1,1
BRDA:686,116,2,1
BRDA:714,117,0,0
BRDA:714,117,1,1
BRDA:714,118,0,1
BRDA:714,118,1,1
BRDA:714,118,2,1
BRDA:729,119,0,0
BRDA:740,120,0,0
BRDA:740,121,0,0
BRDA:740,121,1,0
BRDA:748,122,0,0
BRDA:748,122,1,1
BRDA:750,123,0,0
BRDA:750,123,1,1
BRDA:752,124,0,1
BRDA:765,125,0,0
BRDA:776,126,0,0
BRDA:790,127,0,1
BRDA:790,128,0,2
BRDA:790,128,1,2
BRDA:804,129,0,0
BRDA:813,130,0,1
BRDA:813,131,0,2
BRDA:813,131,1,2
BRDA:825,132,0,1
BRDA:825,132,1,0
BRDA:834,133,0,0
BRDA:852,134,0,82
BRDA:852,134,1,80
BRDA:863,135,0,0
BRF:220
BRH:106
end_of_record
TN:
SF:src\contexts\next.config.js
FN:7,(anonymous_0)
FN:15,(anonymous_1)
FN:19,(anonymous_2)
FNF:3
FNH:0
FNDA:0,(anonymous_0)
FNDA:0,(anonymous_1)
FNDA:0,(anonymous_2)
DA:2,0
DA:8,0
DA:17,0
DA:21,0
DA:63,0
DA:64,0
DA:67,0
DA:69,0
LF:8
LH:0
BRDA:39,0,0,0
BRDA:39,0,1,0
BRDA:50,1,0,0
BRDA:50,1,1,0
BRDA:57,2,0,0
BRDA:57,2,1,0
BRDA:63,3,0,0
BRDA:63,3,1,0
BRF:8
BRH:0
end_of_record
TN:
SF:src\hooks\use-auth-redirect.js
FN:7,useAuthRedirect
FN:13,(anonymous_2)
FN:17,(anonymous_3)
FNF:3
FNH:0
FNDA:0,useAuthRedirect
FNDA:0,(anonymous_2)
FNDA:0,(anonymous_3)
DA:3,0
DA:4,0
DA:5,0
DA:7,0
DA:8,0
DA:9,0
DA:10,0
DA:11,0
DA:13,0
DA:14,0
DA:17,0
DA:18,0
DA:20,0
DA:21,0
DA:23,0
DA:25,0
DA:26,0
DA:28,0
DA:33,0
LF:19
LH:0
BRDA:7,0,0,0
BRDA:8,1,0,0
BRDA:8,2,0,0
BRDA:8,3,0,0
BRDA:8,3,1,0
BRDA:18,4,0,0
BRDA:20,5,0,0
BRDA:20,6,0,0
BRDA:20,6,1,0
BRDA:23,7,0,0
BRDA:23,7,1,0
BRDA:23,8,0,0
BRDA:23,8,1,0
BRDA:26,9,0,0
BRDA:26,10,0,0
BRDA:26,10,1,0
BRDA:35,11,0,0
BRDA:35,11,1,0
BRDA:35,11,2,0
BRF:19
BRH:0
end_of_record
TN:
SF:src\hooks\use-mobile.js
FN:12,useIsMobile
FN:16,(anonymous_6)
FN:19,(anonymous_7)
FN:29,(anonymous_8)
FN:39,useBreakpoint
FN:43,(anonymous_10)
FN:46,(anonymous_11)
FN:55,(anonymous_12)
FN:63,(anonymous_13)
FN:70,useScreenSize
FN:77,(anonymous_15)
FN:80,(anonymous_16)
FN:88,(anonymous_17)
FN:95,(anonymous_18)
FNF:14
FNH:0
FNDA:0,useIsMobile
FNDA:0,(anonymous_6)
FNDA:0,(anonymous_7)
FNDA:0,(anonymous_8)
FNDA:0,useBreakpoint
FNDA:0,(anonymous_10)
FNDA:0,(anonymous_11)
FNDA:0,(anonymous_12)
FNDA:0,(anonymous_13)
FNDA:0,useScreenSize
FNDA:0,(anonymous_15)
FNDA:0,(anonymous_16)
FNDA:0,(anonymous_17)
FNDA:0,(anonymous_18)
DA:3,0
DA:5,0
DA:12,0
DA:13,0
DA:14,0
DA:16,0
DA:17,0
DA:19,0
DA:20,0
DA:24,0
DA:27,0
DA:29,0
DA:30,0
DA:35,0
DA:39,0
DA:40,0
DA:41,0
DA:43,0
DA:44,0
DA:46,0
DA:47,0
DA:48,0
DA:49,0
DA:50,0
DA:51,0
DA:52,0
DA:55,0
DA:56,0
DA:60,0
DA:62,0
DA:63,0
DA:66,0
DA:70,0
DA:71,0
DA:75,0
DA:77,0
DA:78,0
DA:80,0
DA:81,0
DA:87,0
DA:88,0
DA:91,0
DA:95,0
DA:96,0
DA:98,0
LF:45
LH:0
BRDA:35,0,0,0
BRDA:35,0,1,0
BRDA:48,1,0,0
BRDA:49,2,0,0
BRDA:50,3,0,0
BRDA:51,4,0,0
BRDA:66,5,0,0
BRDA:66,5,1,0
BRDA:72,6,0,0
BRDA:72,6,1,0
BRDA:73,7,0,0
BRDA:73,7,1,0
BRDA:91,8,0,0
BRDA:91,8,1,0
BRDA:95,9,0,0
BRF:15
BRH:0
end_of_record
TN:
SF:src\hooks\use-toast.js
FN:24,genId
FN:37,(anonymous_8)
FN:42,(anonymous_9)
FN:54,(anonymous_10)
FN:65,(anonymous_11)
FN:76,(anonymous_12)
FN:83,(anonymous_13)
FN:102,(anonymous_14)
FN:113,dispatch
FN:115,(anonymous_16)
FN:120,toast
FN:123,(anonymous_18)
FN:128,(anonymous_19)
FN:136,(anonymous_20)
FN:149,useToast
FN:152,(anonymous_22)
FN:154,(anonymous_23)
FN:170,(anonymous_24)
FNF:18
FNH:0
FNDA:0,genId
FNDA:0,(anonymous_8)
FNDA:0,(anonymous_9)
FNDA:0,(anonymous_10)
FNDA:0,(anonymous_11)
FNDA:0,(anonymous_12)
FNDA:0,(anonymous_13)
FNDA:0,(anonymous_14)
FNDA:0,dispatch
FNDA:0,(anonymous_16)
FNDA:0,toast
FNDA:0,(anonymous_18)
FNDA:0,(anonymous_19)
FNDA:0,(anonymous_20)
FNDA:0,useToast
FNDA:0,(anonymous_22)
FNDA:0,(anonymous_23)
FNDA:0,(anonymous_24)
DA:4,0
DA:12,0
DA:13,0
DA:15,0
DA:22,0
DA:25,0
DA:26,0
DA:29,0
DA:37,0
DA:38,0
DA:39,0
DA:42,0
DA:43,0
DA:45,0
DA:51,0
DA:54,0
DA:55,0
DA:57,0
DA:63,0
DA:66,0
DA:71,0
DA:73,0
DA:74,0
DA:76,0
DA:77,0
DA:81,0
DA:84,0
DA:94,0
DA:95,0
DA:100,0
DA:102,0
DA:105,0
DA:109,0
DA:110,0
DA:114,0
DA:115,0
DA:116,0
DA:121,0
DA:123,0
DA:124,0
DA:128,0
DA:130,0
DA:137,0
DA:142,0
DA:150,0
DA:152,0
DA:153,0
DA:154,0
DA:155,0
DA:156,0
DA:157,0
DA:167,0
DA:170,0
DA:174,0
LF:54
LH:0
BRDA:38,0,0,0
BRDA:55,1,0,0
BRDA:55,1,1,0
BRDA:55,1,2,0
BRDA:55,1,3,0
BRDA:55,1,4,0
BRDA:66,2,0,0
BRDA:66,2,1,0
BRDA:73,3,0,0
BRDA:73,3,1,0
BRDA:84,4,0,0
BRDA:84,4,1,0
BRDA:84,5,0,0
BRDA:84,5,1,0
BRDA:94,6,0,0
BRDA:137,7,0,0
BRDA:156,8,0,0
BRF:17
BRH:0
end_of_record
TN:
SF:src\hooks\useAutoSave.js
FN:12,(anonymous_1)
FN:19,(anonymous_2)
FN:25,(anonymous_3)
FN:54,(anonymous_4)
FN:68,(anonymous_5)
FN:78,(anonymous_6)
FN:85,(anonymous_7)
FN:90,(anonymous_8)
FNF:8
FNH:0
FNDA:0,(anonymous_1)
FNDA:0,(anonymous_2)
FNDA:0,(anonymous_3)
FNDA:0,(anonymous_4)
FNDA:0,(anonymous_5)
FNDA:0,(anonymous_6)
FNDA:0,(anonymous_7)
FNDA:0,(anonymous_8)
DA:3,0
DA:12,0
DA:13,0
DA:14,0
DA:15,0
DA:16,0
DA:19,0
DA:20,0
DA:21,0
DA:22,0
DA:25,0
DA:27,0
DA:28,0
DA:32,0
DA:33,0
DA:34,0
DA:38,0
DA:39,0
DA:42,0
DA:43,0
DA:44,0
DA:45,0
DA:47,0
DA:48,0
DA:49,0
DA:54,0
DA:55,0
DA:56,0
DA:57,0
DA:58,0
DA:60,0
DA:62,0
DA:63,0
DA:68,0
DA:69,0
DA:70,0
DA:71,0
DA:73,0
DA:78,0
DA:80,0
DA:81,0
DA:85,0
DA:86,0
DA:90,0
DA:91,0
DA:92,0
DA:97,0
DA:107,0
LF:48
LH:0
BRDA:12,0,0,0
BRDA:12,1,0,0
BRDA:27,2,0,0
BRDA:27,3,0,0
BRDA:27,3,1,0
BRDA:32,4,0,0
BRDA:57,5,0,0
BRDA:80,6,0,0
BRDA:91,7,0,0
BRF:9
BRH:0
end_of_record
TN:
SF:src\hooks\useFormValidation.js
FN:11,(anonymous_1)
FN:11,(anonymous_2)
FN:19,(anonymous_3)
FN:23,(anonymous_4)
FN:30,(anonymous_5)
FN:41,(anonymous_6)
FN:42,(anonymous_7)
FN:49,(anonymous_8)
FN:60,(anonymous_9)
FN:63,(anonymous_10)
FN:71,(anonymous_11)
FN:81,(anonymous_12)
FN:89,(anonymous_13)
FN:89,(anonymous_14)
FN:94,(anonymous_15)
FN:117,(anonymous_16)
FNF:16
FNH:0
FNDA:0,(anonymous_1)
FNDA:0,(anonymous_2)
FNDA:0,(anonymous_3)
FNDA:0,(anonymous_4)
FNDA:0,(anonymous_5)
FNDA:0,(anonymous_6)
FNDA:0,(anonymous_7)
FNDA:0,(anonymous_8)
FNDA:0,(anonymous_9)
FNDA:0,(anonymous_10)
FNDA:0,(anonymous_11)
FNDA:0,(anonymous_12)
FNDA:0,(anonymous_13)
FNDA:0,(anonymous_14)
FNDA:0,(anonymous_15)
FNDA:0,(anonymous_16)
DA:3,0
DA:11,0
DA:12,0
DA:13,0
DA:14,0
DA:15,0
DA:18,0
DA:20,0
DA:21,0
DA:23,0
DA:29,0
DA:30,0
DA:40,0
DA:42,0
DA:48,0
DA:49,0
DA:59,0
DA:61,0
DA:63,0
DA:69,0
DA:70,0
DA:71,0
DA:81,0
DA:82,0
DA:83,0
DA:84,0
DA:88,0
DA:89,0
DA:90,0
DA:91,0
DA:94,0
DA:95,0
DA:96,0
DA:98,0
DA:100,0
DA:102,0
DA:103,0
DA:104,0
DA:106,0
DA:110,0
DA:116,0
DA:118,0
DA:119,0
DA:120,0
DA:121,0
DA:126,0
DA:143,0
LF:47
LH:0
BRDA:11,0,0,0
BRDA:11,1,0,0
BRDA:21,2,0,0
BRDA:21,2,1,0
BRDA:29,3,0,0
BRDA:48,4,0,0
BRDA:70,5,0,0
BRDA:102,6,0,0
BRDA:117,7,0,0
BRF:9
BRH:0
end_of_record
TN:
SF:src\hooks\useInterval.js
FN:3,useInterval
FN:6,(anonymous_3)
FN:10,(anonymous_4)
FN:12,(anonymous_5)
FN:13,(anonymous_6)
FNF:5
FNH:0
FNDA:0,useInterval
FNDA:0,(anonymous_3)
FNDA:0,(anonymous_4)
FNDA:0,(anonymous_5)
FNDA:0,(anonymous_6)
DA:1,0
DA:3,0
DA:4,0
DA:6,0
DA:7,0
DA:10,0
DA:11,0
DA:12,0
DA:13,0
LF:9
LH:0
BRDA:11,0,0,0
BRF:1
BRH:0
end_of_record
TN:
SF:src\lib\admin-api.js
FN:5,(anonymous_2)
FN:30,(anonymous_3)
FN:33,(anonymous_4)
FNF:3
FNH:0
FNDA:0,(anonymous_2)
FNDA:0,(anonymous_3)
FNDA:0,(anonymous_4)
DA:1,0
DA:3,0
DA:6,0
DA:14,0
DA:15,0
DA:18,0
DA:19,0
DA:20,0
DA:22,0
DA:23,0
DA:25,0
DA:30,0
DA:33,0
DA:36,0
LF:14
LH:0
BRDA:5,0,0,0
BRDA:14,1,0,0
BRDA:22,2,0,0
BRF:3
BRH:0
end_of_record
TN:
SF:src\lib\api.js
FN:17,(anonymous_8)
FN:24,(anonymous_9)
FN:29,(anonymous_10)
FN:30,(anonymous_11)
FN:50,(anonymous_12)
FN:59,(anonymous_13)
FN:71,(anonymous_14)
FN:80,(anonymous_15)
FN:89,(anonymous_16)
FN:98,(anonymous_17)
FN:112,(anonymous_18)
FN:122,(anonymous_19)
FN:131,(anonymous_20)
FN:140,(anonymous_21)
FN:149,(anonymous_22)
FN:158,(anonymous_23)
FN:171,(anonymous_24)
FN:185,(anonymous_25)
FN:194,(anonymous_26)
FN:203,(anonymous_27)
FN:212,(anonymous_28)
FN:226,(anonymous_29)
FN:236,(anonymous_30)
FN:249,(anonymous_31)
FN:258,(anonymous_32)
FN:267,(anonymous_33)
FN:281,(anonymous_34)
FNF:27
FNH:9
FNDA:0,(anonymous_8)
FNDA:0,(anonymous_9)
FNDA:0,(anonymous_10)
FNDA:0,(anonymous_11)
FNDA:1,(anonymous_12)
FNDA:1,(anonymous_13)
FNDA:0,(anonymous_14)
FNDA:0,(anonymous_15)
FNDA:0,(anonymous_16)
FNDA:6,(anonymous_17)
FNDA:1,(anonymous_18)
FNDA:0,(anonymous_19)
FNDA:1,(anonymous_20)
FNDA:0,(anonymous_21)
FNDA:0,(anonymous_22)
FNDA:1,(anonymous_23)
FNDA:0,(anonymous_24)
FNDA:1,(anonymous_25)
FNDA:0,(anonymous_26)
FNDA:0,(anonymous_27)
FNDA:0,(anonymous_28)
FNDA:1,(anonymous_29)
FNDA:0,(anonymous_30)
FNDA:0,(anonymous_31)
FNDA:0,(anonymous_32)
FNDA:0,(anonymous_33)
FNDA:1,(anonymous_34)
DA:1,1
DA:4,1
DA:7,1
DA:16,1
DA:18,0
DA:19,0
DA:20,0
DA:22,0
DA:24,0
DA:28,1
DA:29,0
DA:32,0
DA:34,0
DA:35,0
DA:38,0
DA:39,0
DA:42,0
DA:49,8
DA:51,1
DA:52,1
DA:53,1
DA:55,0
DA:60,1
DA:61,1
DA:62,1
DA:63,1
DA:65,1
DA:67,0
DA:72,0
DA:73,0
DA:74,0
DA:76,0
DA:81,0
DA:82,0
DA:83,0
DA:85,0
DA:90,0
DA:91,0
DA:92,0
DA:94,0
DA:99,6
DA:100,6
DA:101,3
DA:103,3
DA:111,3
DA:113,1
DA:114,1
DA:115,1
DA:116,1
DA:118,0
DA:123,0
DA:124,0
DA:125,0
DA:127,0
DA:132,1
DA:133,1
DA:134,1
DA:136,0
DA:141,0
DA:142,0
DA:143,0
DA:145,0
DA:150,0
DA:151,0
DA:152,0
DA:154,0
DA:159,1
DA:160,1
DA:165,1
DA:167,0
DA:172,0
DA:173,0
DA:174,0
DA:176,0
DA:184,1
DA:186,1
DA:187,1
DA:188,1
DA:190,0
DA:195,0
DA:196,0
DA:197,0
DA:199,0
DA:204,0
DA:205,0
DA:206,0
DA:208,0
DA:213,0
DA:214,0
DA:215,0
DA:217,0
DA:225,1
DA:227,1
DA:228,1
DA:229,1
DA:230,1
DA:232,0
DA:237,0
DA:238,0
DA:243,0
DA:245,0
DA:250,0
DA:251,0
DA:252,0
DA:254,0
DA:259,0
DA:260,0
DA:261,0
DA:263,0
DA:268,0
DA:269,0
DA:270,0
DA:272,0
DA:280,1
DA:282,1
DA:283,1
DA:284,1
DA:285,1
DA:287,0
DA:292,1
LF:120
LH:44
BRDA:4,0,0,1
BRDA:4,0,1,0
BRDA:19,1,0,0
BRDA:32,2,0,0
BRDA:32,3,0,0
BRDA:32,3,1,0
BRDA:38,4,0,0
BRDA:38,5,0,0
BRDA:38,5,1,0
BRDA:62,6,0,1
BRDA:112,7,0,0
BRDA:226,8,0,0
BRDA:281,9,0,0
BRF:13
BRH:2
end_of_record
TN:
SF:src\lib\database.js
FN:18,getPool
FN:27,getUserFromDatabase
FN:61,updateUserField
FN:92,testConnection
FNF:4
FNH:0
FNDA:0,getPool
FNDA:0,getUserFromDatabase
FNDA:0,updateUserField
FNDA:0,testConnection
DA:1,0
DA:4,0
DA:18,0
DA:19,0
DA:20,0
DA:21,0
DA:23,0
DA:27,0
DA:28,0
DA:29,0
DA:30,0
DA:49,0
DA:50,0
DA:53,0
DA:55,0
DA:56,0
DA:61,0
DA:62,0
DA:63,0
DA:66,0
DA:67,0
DA:68,0
DA:72,0
DA:73,0
DA:74,0
DA:75,0
DA:76,0
DA:79,0
DA:84,0
DA:86,0
DA:87,0
DA:92,0
DA:93,0
DA:94,0
DA:95,0
DA:96,0
DA:97,0
DA:99,0
DA:100,0
LF:39
LH:0
BRDA:5,0,0,0
BRDA:5,0,1,0
BRDA:5,0,2,0
BRDA:6,1,0,0
BRDA:6,1,1,0
BRDA:6,1,2,0
BRDA:7,2,0,0
BRDA:7,2,1,0
BRDA:7,2,2,0
BRDA:8,3,0,0
BRDA:8,3,1,0
BRDA:8,3,2,0
BRDA:9,4,0,0
BRDA:9,4,1,0
BRDA:9,4,2,0
BRDA:19,5,0,0
BRDA:49,6,0,0
BRDA:67,7,0,0
BRDA:73,8,0,0
BRF:19
BRH:0
end_of_record
TN:
SF:src\lib\google-auth.js
FN:22,handleCredentialResponse
FN:43,ensureGoogleCredentialCallbackRegistered
FN:51,(anonymous_11)
FN:61,loadGoogleGIS
FN:65,(anonymous_13)
FN:93,(anonymous_14)
FN:107,(anonymous_15)
FN:125,initializeGoogleGIS
FN:129,(anonymous_17)
FN:158,(anonymous_18)
FN:170,signInWithGooglePrompt
FN:177,(anonymous_20)
FN:197,(anonymous_21)
FN:252,renderGoogleSignInButton
FN:259,(anonymous_23)
FN:314,decodeJwtResponse
FN:329,(anonymous_25)
FN:340,__resetGoogleAuthStateForTests
FNF:18
FNH:8
FNDA:0,handleCredentialResponse
FNDA:31,ensureGoogleCredentialCallbackRegistered
FNDA:0,(anonymous_11)
FNDA:13,loadGoogleGIS
FNDA:6,(anonymous_13)
FNDA:0,(anonymous_14)
FNDA:0,(anonymous_15)
FNDA:13,initializeGoogleGIS
FNDA:0,(anonymous_17)
FNDA:0,(anonymous_18)
FNDA:1,signInWithGooglePrompt
FNDA:0,(anonymous_20)
FNDA:0,(anonymous_21)
FNDA:2,renderGoogleSignInButton
FNDA:0,(anonymous_23)
FNDA:40,decodeJwtResponse
FNDA:224,(anonymous_25)
FNDA:0,__resetGoogleAuthStateForTests
DA:3,21
DA:5,21
DA:6,21
DA:9,21
DA:10,21
DA:12,21
DA:13,11
DA:22,3
DA:23,0
DA:24,0
DA:26,0
DA:27,0
DA:28,0
DA:30,0
DA:31,0
DA:32,0
DA:33,0
DA:34,0
DA:39,21
DA:40,21
DA:43,6
DA:44,31
DA:45,31
DA:50,21
DA:51,0
DA:52,0
DA:61,8
DA:63,13
DA:64,13
DA:65,6
DA:66,6
DA:68,6
DA:69,0
DA:70,0
DA:71,0
DA:73,0
DA:76,6
DA:77,6
DA:79,6
DA:81,0
DA:84,6
DA:85,6
DA:86,6
DA:87,6
DA:88,6
DA:89,6
DA:90,6
DA:93,6
DA:94,0
DA:95,0
DA:96,0
DA:97,0
DA:99,0
DA:101,0
DA:102,0
DA:103,0
DA:107,6
DA:108,0
DA:109,0
DA:110,0
DA:112,0
DA:113,0
DA:117,13
DA:125,14
DA:127,13
DA:128,13
DA:129,6
DA:130,0
DA:131,0
DA:132,0
DA:133,0
DA:135,0
DA:137,0
DA:138,0
DA:141,0
DA:142,0
DA:148,0
DA:149,0
DA:150,0
DA:152,0
DA:154,0
DA:155,0
DA:156,0
DA:159,0
DA:160,0
DA:163,13
DA:170,2
DA:171,1
DA:172,1
DA:173,1
DA:174,1
DA:177,0
DA:178,0
DA:180,0
DA:181,0
DA:182,0
DA:183,0
DA:186,0
DA:187,0
DA:190,0
DA:191,0
DA:192,0
DA:193,0
DA:194,0
DA:197,0
DA:199,0
DA:207,0
DA:208,0
DA:209,0
DA:210,0
DA:211,0
DA:212,0
DA:214,0
DA:215,0
DA:216,0
DA:217,0
DA:218,0
DA:219,0
DA:221,0
DA:223,0
DA:224,0
DA:225,0
DA:226,0
DA:227,0
DA:235,0
DA:236,0
DA:237,0
DA:238,0
DA:252,3
DA:253,2
DA:254,2
DA:255,2
DA:256,2
DA:259,0
DA:260,0
DA:262,0
DA:263,0
DA:264,0
DA:265,0
DA:268,0
DA:269,0
DA:271,0
DA:275,0
DA:276,0
DA:277,0
DA:278,0
DA:283,0
DA:290,0
DA:292,0
DA:298,0
DA:299,0
DA:300,0
DA:301,0
DA:314,46
DA:315,40
DA:316,20
DA:317,20
DA:319,20
DA:320,20
DA:321,20
DA:322,12
DA:324,8
DA:325,8
DA:326,8
DA:329,224
DA:332,3
DA:334,17
DA:335,17
DA:340,1
DA:341,0
DA:342,0
DA:343,0
DA:344,0
DA:345,0
DA:347,0
DA:348,0
LF:176
LH:64
BRDA:9,0,0,21
BRDA:9,1,0,21
BRDA:9,1,1,21
BRDA:12,2,0,11
BRDA:12,3,0,21
BRDA:12,3,1,21
BRDA:24,4,0,0
BRDA:31,5,0,0
BRDA:31,5,1,0
BRDA:32,6,0,0
BRDA:32,6,1,0
BRDA:33,7,0,0
BRDA:39,8,0,21
BRDA:44,9,0,31
BRDA:50,10,0,0
BRDA:50,11,0,21
BRDA:50,11,1,21
BRDA:50,11,2,21
BRDA:64,12,0,6
BRDA:66,13,0,0
BRDA:68,14,0,0
BRDA:68,15,0,6
BRDA:68,15,1,0
BRDA:68,15,2,0
BRDA:70,16,0,0
BRDA:79,17,0,0
BRDA:84,18,0,6
BRDA:95,19,0,0
BRDA:95,19,1,0
BRDA:95,20,0,0
BRDA:95,20,1,0
BRDA:95,20,2,0
BRDA:96,21,0,0
BRDA:109,22,0,0
BRDA:109,23,0,0
BRDA:109,23,1,0
BRDA:128,24,0,6
BRDA:131,25,0,0
BRDA:135,26,0,0
BRDA:135,27,0,0
BRDA:135,27,1,0
BRDA:135,27,2,0
BRDA:149,28,0,0
BRDA:171,29,0,0
BRDA:172,30,0,1
BRDA:180,31,0,0
BRDA:191,32,0,0
BRDA:199,33,0,0
BRDA:199,34,0,0
BRDA:199,34,1,0
BRDA:199,34,2,0
BRDA:199,34,3,0
BRDA:207,35,0,0
BRDA:207,35,1,0
BRDA:210,36,0,0
BRDA:214,37,0,0
BRDA:214,37,1,0
BRDA:217,38,0,0
BRDA:221,39,0,0
BRDA:225,40,0,0
BRDA:236,41,0,0
BRDA:252,42,0,2
BRDA:253,43,0,0
BRDA:254,44,0,2
BRDA:262,45,0,0
BRDA:271,46,0,0
BRDA:271,46,1,0
BRDA:275,47,0,0
BRDA:299,48,0,0
BRDA:315,49,0,20
BRDA:315,50,0,40
BRDA:315,50,1,27
BRDA:321,51,0,12
BRDA:341,52,0,0
BRF:74
BRH:22
end_of_record
TN:
SF:src\lib\utils.js
FN:9,cn
FN:19,formatDate
FN:38,formatCurrency
FN:51,truncateText
FN:62,generateId
FN:76,getBreakpoint
FN:85,isMobileWidth
FN:90,debounce
FN:92,executedFunction
FN:93,(anonymous_21)
FN:103,safeJsonParse
FN:112,getResponsiveColumns
FNF:12
FNH:1
FNDA:16728,cn
FNDA:0,formatDate
FNDA:0,formatCurrency
FNDA:0,truncateText
FNDA:0,generateId
FNDA:0,getBreakpoint
FNDA:0,isMobileWidth
FNDA:0,debounce
FNDA:0,executedFunction
FNDA:0,(anonymous_21)
FNDA:0,safeJsonParse
FNDA:0,getResponsiveColumns
DA:1,5
DA:2,5
DA:9,16728
DA:10,16728
DA:19,0
DA:20,0
DA:21,0
DA:23,0
DA:29,0
DA:38,0
DA:39,0
DA:51,0
DA:52,0
DA:53,0
DA:55,0
DA:62,0
DA:63,0
DA:67,5
DA:76,0
DA:77,0
DA:78,0
DA:79,0
DA:80,0
DA:81,0
DA:82,0
DA:85,0
DA:86,0
DA:90,0
DA:92,0
DA:93,0
DA:94,0
DA:95,0
DA:97,0
DA:98,0
DA:103,0
DA:104,0
DA:105,0
DA:107,0
DA:112,0
DA:113,0
DA:114,0
DA:115,0
DA:116,0
LF:43
LH:5
BRDA:19,0,0,0
BRDA:20,1,0,0
BRDA:21,2,0,0
BRDA:21,2,1,0
BRDA:38,3,0,0
BRDA:51,4,0,0
BRDA:52,5,0,0
BRDA:53,6,0,0
BRDA:77,7,0,0
BRDA:78,8,0,0
BRDA:79,9,0,0
BRDA:80,10,0,0
BRDA:81,11,0,0
BRDA:103,12,0,0
BRDA:112,13,0,0
BRDA:113,14,0,0
BRDA:114,15,0,0
BRDA:115,16,0,0
BRF:18
BRH:0
end_of_record
TN:
SF:src\lib\utils.jsx
FN:1,cn
FN:11,formatDate
FN:30,formatCurrency
FN:43,truncateText
FN:54,generateId
FNF:5
FNH:0
FNDA:0,cn
FNDA:0,formatDate
FNDA:0,formatCurrency
FNDA:0,truncateText
FNDA:0,generateId
DA:1,0
DA:2,0
DA:11,0
DA:12,0
DA:13,0
DA:15,0
DA:21,0
DA:30,0
DA:31,0
DA:43,0
DA:44,0
DA:45,0
DA:47,0
DA:54,0
DA:55,0
LF:15
LH:0
BRDA:11,0,0,0
BRDA:12,1,0,0
BRDA:13,2,0,0
BRDA:13,2,1,0
BRDA:30,3,0,0
BRDA:43,4,0,0
BRDA:44,5,0,0
BRDA:45,6,0,0
BRF:8
BRH:0
end_of_record
TN:
SF:src\lib\api\users.js
FN:5,(anonymous_3)
FN:8,(anonymous_4)
FN:20,(anonymous_5)
FN:35,(anonymous_6)
FN:45,(anonymous_7)
FN:50,(anonymous_8)
FN:55,(anonymous_9)
FN:60,(anonymous_10)
FN:68,(anonymous_11)
FN:76,(anonymous_12)
FN:84,(anonymous_13)
FN:91,(anonymous_14)
FNF:12
FNH:0
FNDA:0,(anonymous_3)
FNDA:0,(anonymous_4)
FNDA:0,(anonymous_5)
FNDA:0,(anonymous_6)
FNDA:0,(anonymous_7)
FNDA:0,(anonymous_8)
FNDA:0,(anonymous_9)
FNDA:0,(anonymous_10)
FNDA:0,(anonymous_11)
FNDA:0,(anonymous_12)
FNDA:0,(anonymous_13)
FNDA:0,(anonymous_14)
DA:2,0
DA:5,0
DA:6,0
DA:8,0
DA:9,0
DA:10,0
DA:14,0
DA:16,0
DA:20,0
DA:21,0
DA:23,0
DA:32,0
DA:34,0
DA:35,0
DA:36,0
DA:39,0
DA:43,0
DA:46,0
DA:51,0
DA:56,0
DA:61,0
DA:69,0
DA:77,0
DA:85,0
DA:92,0
DA:98,0
LF:26
LH:0
BRDA:2,0,0,0
BRDA:2,0,1,0
BRDA:6,1,0,0
BRDA:9,2,0,0
BRDA:14,3,0,0
BRDA:14,3,1,0
BRDA:20,4,0,0
BRDA:26,5,0,0
BRDA:26,5,1,0
BRDA:34,6,0,0
BRDA:36,7,0,0
BRDA:36,7,1,0
BRF:12
BRH:0
end_of_record
TN:
SF:src\pages\api\auth\google\callback.js
FN:4,handler
FNF:1
FNH:0
FNDA:0,handler
DA:4,0
DA:6,0
DA:8,0
DA:9,0
DA:12,0
DA:18,0
DA:29,0
DA:41,0
DA:43,0
DA:44,0
LF:10
LH:0
BRDA:8,0,0,0
BRF:1
BRH:0
end_of_record
TN:
SF:src\pages\api\auth\google\token.js
FN:4,handler
FNF:1
FNH:0
FNDA:0,handler
DA:4,0
DA:5,0
DA:6,0
DA:9,0
DA:11,0
DA:12,0
DA:15,0
DA:21,0
DA:28,0
DA:30,0
DA:31,0
LF:11
LH:0
BRDA:5,0,0,0
BRDA:11,1,0,0
BRF:2
BRH:0
end_of_record
TN:
SF:src\utils\svg-optimizer.js
FN:15,simplifyPath
FN:26,optimizeSvg
FN:44,makeResponsive
FN:59,svgToReactComponent
FN:67,(anonymous_9)
FN:91,(anonymous_10)
FNF:6
FNH:0
FNDA:0,simplifyPath
FNDA:0,optimizeSvg
FNDA:0,makeResponsive
FNDA:0,svgToReactComponent
FNDA:0,(anonymous_9)
FNDA:0,(anonymous_10)
DA:15,0
DA:18,0
DA:26,0
DA:28,0
DA:31,0
DA:34,0
DA:36,0
DA:44,0
DA:46,0
DA:47,0
DA:50,0
DA:59,0
DA:60,0
DA:63,0
DA:64,0
DA:67,0
DA:70,0
DA:84,0
DA:91,0
DA:101,0
LF:20
LH:0
BRDA:15,0,0,0
BRDA:46,1,0,0
BRDA:59,2,0,0
BRDA:60,3,0,0
BRDA:60,4,0,0
BRDA:64,5,0,0
BRDA:64,5,1,0
BRF:7
BRH:0
end_of_record
